{"/home/shalke/projects/blog/src/api/apiRouter.js":{"path":"/home/shalke/projects/blog/src/api/apiRouter.js","statementMap":{"0":{"start":{"line":4,"column":15},"end":{"line":4,"column":23}},"1":{"start":{"line":6,"column":0},"end":{"line":6,"column":25}},"2":{"start":{"line":8,"column":0},"end":{"line":10,"column":3}},"3":{"start":{"line":9,"column":4},"end":{"line":9,"column":44}}},"fnMap":{"0":{"name":"(anonymous_0)","decl":{"start":{"line":8,"column":28},"end":{"line":8,"column":29}},"loc":{"start":{"line":8,"column":48},"end":{"line":10,"column":1}},"line":8}},"branchMap":{},"s":{"0":0,"1":0,"2":0,"3":0},"f":{"0":0},"b":{},"all":true},"/home/shalke/projects/blog/src/api/middlewares/authMiddlewareJWT.js":{"path":"/home/shalke/projects/blog/src/api/middlewares/authMiddlewareJWT.js","statementMap":{"0":{"start":{"line":4,"column":4},"end":{"line":4,"column":41}},"1":{"start":{"line":5,"column":23},"end":{"line":5,"column":48}},"2":{"start":{"line":7,"column":4},"end":{"line":9,"column":5}},"3":{"start":{"line":8,"column":8},"end":{"line":8,"column":77}},"4":{"start":{"line":11,"column":18},"end":{"line":11,"column":42}},"5":{"start":{"line":13,"column":4},"end":{"line":19,"column":5}},"6":{"start":{"line":14,"column":24},"end":{"line":14,"column":52}},"7":{"start":{"line":15,"column":8},"end":{"line":15,"column":36}},"8":{"start":{"line":16,"column":8},"end":{"line":16,"column":15}},"9":{"start":{"line":18,"column":8},"end":{"line":18,"column":77}}},"fnMap":{"0":{"name":"authenticateJWT","decl":{"start":{"line":3,"column":24},"end":{"line":3,"column":39}},"loc":{"start":{"line":3,"column":56},"end":{"line":20,"column":1}},"line":3}},"branchMap":{"0":{"loc":{"start":{"line":7,"column":4},"end":{"line":9,"column":5}},"type":"if","locations":[{"start":{"line":7,"column":4},"end":{"line":9,"column":5}},{"start":{},"end":{}}],"line":7},"1":{"loc":{"start":{"line":7,"column":8},"end":{"line":7,"column":56}},"type":"binary-expr","locations":[{"start":{"line":7,"column":8},"end":{"line":7,"column":19}},{"start":{"line":7,"column":23},"end":{"line":7,"column":56}}],"line":7}},"s":{"0":0,"1":0,"2":0,"3":0,"4":0,"5":0,"6":0,"7":0,"8":0,"9":0},"f":{"0":0},"b":{"0":[0,0],"1":[0,0]},"all":true},"/home/shalke/projects/blog/src/api/middlewares/authMiddlewareSocket.js":{"path":"/home/shalke/projects/blog/src/api/middlewares/authMiddlewareSocket.js","statementMap":{"0":{"start":{"line":4,"column":4},"end":{"line":11,"column":5}},"1":{"start":{"line":5,"column":22},"end":{"line":5,"column":49}},"2":{"start":{"line":6,"column":24},"end":{"line":6,"column":52}},"3":{"start":{"line":7,"column":8},"end":{"line":7,"column":39}},"4":{"start":{"line":8,"column":8},"end":{"line":8,"column":15}},"5":{"start":{"line":10,"column":8},"end":{"line":10,"column":40}}},"fnMap":{"0":{"name":"authMiddleware","decl":{"start":{"line":3,"column":24},"end":{"line":3,"column":38}},"loc":{"start":{"line":3,"column":53},"end":{"line":12,"column":1}},"line":3}},"branchMap":{},"s":{"0":0,"1":0,"2":0,"3":0,"4":0,"5":0},"f":{"0":0},"b":{},"all":true},"/home/shalke/projects/blog/src/api/middlewares/errorHandler.js":{"path":"/home/shalke/projects/blog/src/api/middlewares/errorHandler.js","statementMap":{"0":{"start":{"line":2,"column":4},"end":{"line":2,"column":23}},"1":{"start":{"line":3,"column":4},"end":{"line":3,"column":40}},"2":{"start":{"line":4,"column":4},"end":{"line":6,"column":5}},"3":{"start":{"line":5,"column":8},"end":{"line":5,"column":25}},"4":{"start":{"line":7,"column":19},"end":{"line":7,"column":36}},"5":{"start":{"line":8,"column":22},"end":{"line":11,"column":5}},"6":{"start":{"line":13,"column":4},"end":{"line":16,"column":5}},"7":{"start":{"line":14,"column":8},"end":{"line":14,"column":40}},"8":{"start":{"line":15,"column":8},"end":{"line":15,"column":40}},"9":{"start":{"line":17,"column":4},"end":{"line":17,"column":64}},"10":{"start":{"line":18,"column":4},"end":{"line":18,"column":39}}},"fnMap":{"0":{"name":"errorHandler","decl":{"start":{"line":1,"column":24},"end":{"line":1,"column":36}},"loc":{"start":{"line":1,"column":58},"end":{"line":19,"column":1}},"line":1}},"branchMap":{"0":{"loc":{"start":{"line":4,"column":4},"end":{"line":6,"column":5}},"type":"if","locations":[{"start":{"line":4,"column":4},"end":{"line":6,"column":5}},{"start":{},"end":{}}],"line":4},"1":{"loc":{"start":{"line":7,"column":19},"end":{"line":7,"column":36}},"type":"binary-expr","locations":[{"start":{"line":7,"column":19},"end":{"line":7,"column":29}},{"start":{"line":7,"column":33},"end":{"line":7,"column":36}}],"line":7},"2":{"loc":{"start":{"line":13,"column":4},"end":{"line":16,"column":5}},"type":"if","locations":[{"start":{"line":13,"column":4},"end":{"line":16,"column":5}},{"start":{},"end":{}}],"line":13}},"s":{"0":0,"1":0,"2":0,"3":0,"4":0,"5":0,"6":0,"7":0,"8":0,"9":0,"10":0},"f":{"0":0},"b":{"0":[0,0],"1":[0,0],"2":[0,0]},"all":true},"/home/shalke/projects/blog/src/api/middlewares/loginRateLimiter.js":{"path":"/home/shalke/projects/blog/src/api/middlewares/loginRateLimiter.js","statementMap":{"0":{"start":{"line":4,"column":32},"end":{"line":12,"column":2}}},"fnMap":{},"branchMap":{},"s":{"0":0},"f":{},"b":{},"all":true},"/home/shalke/projects/blog/src/api/middlewares/optionalAuthMiddlewareJWT.js":{"path":"/home/shalke/projects/blog/src/api/middlewares/optionalAuthMiddlewareJWT.js","statementMap":{"0":{"start":{"line":4,"column":4},"end":{"line":4,"column":41}},"1":{"start":{"line":5,"column":23},"end":{"line":5,"column":48}},"2":{"start":{"line":7,"column":4},"end":{"line":10,"column":5}},"3":{"start":{"line":8,"column":8},"end":{"line":8,"column":15}},"4":{"start":{"line":9,"column":8},"end":{"line":9,"column":15}},"5":{"start":{"line":12,"column":18},"end":{"line":12,"column":42}},"6":{"start":{"line":14,"column":4},"end":{"line":21,"column":5}},"7":{"start":{"line":15,"column":24},"end":{"line":15,"column":52}},"8":{"start":{"line":16,"column":8},"end":{"line":16,"column":36}},"9":{"start":{"line":17,"column":8},"end":{"line":17,"column":15}},"10":{"start":{"line":19,"column":8},"end":{"line":19,"column":15}},"11":{"start":{"line":20,"column":8},"end":{"line":20,"column":15}}},"fnMap":{"0":{"name":"authenticateJWT","decl":{"start":{"line":3,"column":24},"end":{"line":3,"column":39}},"loc":{"start":{"line":3,"column":56},"end":{"line":22,"column":1}},"line":3}},"branchMap":{"0":{"loc":{"start":{"line":7,"column":4},"end":{"line":10,"column":5}},"type":"if","locations":[{"start":{"line":7,"column":4},"end":{"line":10,"column":5}},{"start":{},"end":{}}],"line":7},"1":{"loc":{"start":{"line":7,"column":8},"end":{"line":7,"column":56}},"type":"binary-expr","locations":[{"start":{"line":7,"column":8},"end":{"line":7,"column":19}},{"start":{"line":7,"column":23},"end":{"line":7,"column":56}}],"line":7}},"s":{"0":0,"1":0,"2":0,"3":0,"4":0,"5":0,"6":0,"7":0,"8":0,"9":0,"10":0,"11":0},"f":{"0":0},"b":{"0":[0,0],"1":[0,0]},"all":true},"/home/shalke/projects/blog/src/api/middlewares/uploadAvatarMiddleware.js":{"path":"/home/shalke/projects/blog/src/api/middlewares/uploadAvatarMiddleware.js","statementMap":{"0":{"start":{"line":4,"column":16},"end":{"line":10,"column":2}},"1":{"start":{"line":7,"column":23},"end":{"line":7,"column":73}},"2":{"start":{"line":8,"column":4},"end":{"line":8,"column":25}},"3":{"start":{"line":12,"column":31},"end":{"line":17,"column":2}}},"fnMap":{"0":{"name":"(anonymous_0)","decl":{"start":{"line":6,"column":12},"end":{"line":6,"column":13}},"loc":{"start":{"line":6,"column":31},"end":{"line":9,"column":3}},"line":6}},"branchMap":{},"s":{"0":0,"1":0,"2":0,"3":0},"f":{"0":0},"b":{},"all":true},"/home/shalke/projects/blog/src/api/middlewares/uploadAvatarMiddlewareErrorHandler.js":{"path":"/home/shalke/projects/blog/src/api/middlewares/uploadAvatarMiddlewareErrorHandler.js","statementMap":{"0":{"start":{"line":4,"column":2},"end":{"line":18,"column":4}},"1":{"start":{"line":5,"column":4},"end":{"line":17,"column":7}},"2":{"start":{"line":6,"column":6},"end":{"line":9,"column":7}},"3":{"start":{"line":8,"column":8},"end":{"line":8,"column":62}},"4":{"start":{"line":11,"column":6},"end":{"line":14,"column":7}},"5":{"start":{"line":13,"column":8},"end":{"line":13,"column":70}},"6":{"start":{"line":16,"column":6},"end":{"line":16,"column":13}}},"fnMap":{"0":{"name":"uploadErrorHandler","decl":{"start":{"line":3,"column":9},"end":{"line":3,"column":27}},"loc":{"start":{"line":3,"column":46},"end":{"line":19,"column":1}},"line":3},"1":{"name":"(anonymous_1)","decl":{"start":{"line":4,"column":9},"end":{"line":4,"column":10}},"loc":{"start":{"line":4,"column":35},"end":{"line":18,"column":3}},"line":4},"2":{"name":"(anonymous_2)","decl":{"start":{"line":5,"column":31},"end":{"line":5,"column":32}},"loc":{"start":{"line":5,"column":46},"end":{"line":17,"column":5}},"line":5}},"branchMap":{"0":{"loc":{"start":{"line":6,"column":6},"end":{"line":9,"column":7}},"type":"if","locations":[{"start":{"line":6,"column":6},"end":{"line":9,"column":7}},{"start":{},"end":{}}],"line":6},"1":{"loc":{"start":{"line":11,"column":6},"end":{"line":14,"column":7}},"type":"if","locations":[{"start":{"line":11,"column":6},"end":{"line":14,"column":7}},{"start":{},"end":{}}],"line":11}},"s":{"0":0,"1":0,"2":0,"3":0,"4":0,"5":0,"6":0},"f":{"0":0,"1":0,"2":0},"b":{"0":[0,0],"1":[0,0]},"all":true},"/home/shalke/projects/blog/src/api/rest/controllers/AuthController.js":{"path":"/home/shalke/projects/blog/src/api/rest/controllers/AuthController.js","statementMap":{"0":{"start":{"line":5,"column":8},"end":{"line":10,"column":9}},"1":{"start":{"line":6,"column":27},"end":{"line":6,"column":63}},"2":{"start":{"line":7,"column":12},"end":{"line":7,"column":41}},"3":{"start":{"line":9,"column":12},"end":{"line":9,"column":22}},"4":{"start":{"line":14,"column":8},"end":{"line":23,"column":9}},"5":{"start":{"line":15,"column":27},"end":{"line":15,"column":60}},"6":{"start":{"line":16,"column":12},"end":{"line":20,"column":15}},"7":{"start":{"line":22,"column":12},"end":{"line":22,"column":22}},"8":{"start":{"line":27,"column":8},"end":{"line":35,"column":9}},"9":{"start":{"line":28,"column":27},"end":{"line":28,"column":69}},"10":{"start":{"line":29,"column":12},"end":{"line":32,"column":15}},"11":{"start":{"line":34,"column":12},"end":{"line":34,"column":22}},"12":{"start":{"line":39,"column":8},"end":{"line":44,"column":9}},"13":{"start":{"line":40,"column":27},"end":{"line":40,"column":75}},"14":{"start":{"line":41,"column":12},"end":{"line":41,"column":41}},"15":{"start":{"line":43,"column":12},"end":{"line":43,"column":22}},"16":{"start":{"line":48,"column":8},"end":{"line":55,"column":9}},"17":{"start":{"line":49,"column":27},"end":{"line":49,"column":76}},"18":{"start":{"line":50,"column":12},"end":{"line":52,"column":39}},"19":{"start":{"line":54,"column":12},"end":{"line":54,"column":22}},"20":{"start":{"line":59,"column":8},"end":{"line":66,"column":9}},"21":{"start":{"line":60,"column":27},"end":{"line":60,"column":74}},"22":{"start":{"line":61,"column":12},"end":{"line":63,"column":39}},"23":{"start":{"line":65,"column":12},"end":{"line":65,"column":22}}},"fnMap":{"0":{"name":"(anonymous_0)","decl":{"start":{"line":4,"column":4},"end":{"line":4,"column":5}},"loc":{"start":{"line":4,"column":35},"end":{"line":11,"column":5}},"line":4},"1":{"name":"(anonymous_1)","decl":{"start":{"line":13,"column":4},"end":{"line":13,"column":5}},"loc":{"start":{"line":13,"column":32},"end":{"line":24,"column":5}},"line":13},"2":{"name":"(anonymous_2)","decl":{"start":{"line":26,"column":4},"end":{"line":26,"column":5}},"loc":{"start":{"line":26,"column":41},"end":{"line":36,"column":5}},"line":26},"3":{"name":"(anonymous_3)","decl":{"start":{"line":38,"column":4},"end":{"line":38,"column":5}},"loc":{"start":{"line":38,"column":47},"end":{"line":45,"column":5}},"line":38},"4":{"name":"(anonymous_4)","decl":{"start":{"line":47,"column":4},"end":{"line":47,"column":5}},"loc":{"start":{"line":47,"column":47},"end":{"line":56,"column":5}},"line":47},"5":{"name":"(anonymous_5)","decl":{"start":{"line":58,"column":4},"end":{"line":58,"column":5}},"loc":{"start":{"line":58,"column":46},"end":{"line":67,"column":5}},"line":58}},"branchMap":{},"s":{"0":0,"1":0,"2":0,"3":0,"4":0,"5":0,"6":0,"7":0,"8":0,"9":0,"10":0,"11":0,"12":0,"13":0,"14":0,"15":0,"16":0,"17":0,"18":0,"19":0,"20":0,"21":0,"22":0,"23":0},"f":{"0":0,"1":0,"2":0,"3":0,"4":0,"5":0},"b":{},"all":true},"/home/shalke/projects/blog/src/api/rest/controllers/PostController.js":{"path":"/home/shalke/projects/blog/src/api/rest/controllers/PostController.js","statementMap":{"0":{"start":{"line":5,"column":8},"end":{"line":12,"column":9}},"1":{"start":{"line":6,"column":12},"end":{"line":6,"column":80}},"2":{"start":{"line":7,"column":27},"end":{"line":7,"column":74}},"3":{"start":{"line":8,"column":12},"end":{"line":8,"column":56}},"4":{"start":{"line":9,"column":12},"end":{"line":9,"column":41}},"5":{"start":{"line":11,"column":12},"end":{"line":11,"column":22}},"6":{"start":{"line":16,"column":8},"end":{"line":23,"column":9}},"7":{"start":{"line":17,"column":12},"end":{"line":17,"column":83}},"8":{"start":{"line":18,"column":27},"end":{"line":18,"column":96}},"9":{"start":{"line":19,"column":12},"end":{"line":19,"column":58}},"10":{"start":{"line":20,"column":12},"end":{"line":20,"column":41}},"11":{"start":{"line":22,"column":12},"end":{"line":22,"column":22}},"12":{"start":{"line":27,"column":8},"end":{"line":34,"column":9}},"13":{"start":{"line":28,"column":12},"end":{"line":28,"column":83}},"14":{"start":{"line":29,"column":27},"end":{"line":29,"column":86}},"15":{"start":{"line":30,"column":12},"end":{"line":30,"column":58}},"16":{"start":{"line":31,"column":12},"end":{"line":31,"column":41}},"17":{"start":{"line":33,"column":12},"end":{"line":33,"column":22}},"18":{"start":{"line":38,"column":8},"end":{"line":41,"column":9}},"19":{"start":{"line":39,"column":12},"end":{"line":39,"column":74}},"20":{"start":{"line":42,"column":8},"end":{"line":48,"column":9}},"21":{"start":{"line":43,"column":12},"end":{"line":43,"column":81}},"22":{"start":{"line":44,"column":27},"end":{"line":44,"column":84}},"23":{"start":{"line":45,"column":12},"end":{"line":45,"column":41}},"24":{"start":{"line":47,"column":12},"end":{"line":47,"column":22}},"25":{"start":{"line":52,"column":30},"end":{"line":52,"column":39}},"26":{"start":{"line":53,"column":8},"end":{"line":56,"column":9}},"27":{"start":{"line":54,"column":12},"end":{"line":54,"column":74}},"28":{"start":{"line":57,"column":8},"end":{"line":62,"column":9}},"29":{"start":{"line":58,"column":27},"end":{"line":58,"column":83}},"30":{"start":{"line":59,"column":12},"end":{"line":59,"column":146}},"31":{"start":{"line":61,"column":12},"end":{"line":61,"column":22}},"32":{"start":{"line":66,"column":30},"end":{"line":66,"column":39}},"33":{"start":{"line":67,"column":8},"end":{"line":70,"column":9}},"34":{"start":{"line":68,"column":12},"end":{"line":68,"column":74}},"35":{"start":{"line":71,"column":8},"end":{"line":77,"column":9}},"36":{"start":{"line":72,"column":27},"end":{"line":72,"column":78}},"37":{"start":{"line":73,"column":12},"end":{"line":73,"column":146}},"38":{"start":{"line":76,"column":12},"end":{"line":76,"column":22}},"39":{"start":{"line":81,"column":8},"end":{"line":88,"column":9}},"40":{"start":{"line":82,"column":12},"end":{"line":82,"column":83}},"41":{"start":{"line":83,"column":27},"end":{"line":83,"column":96}},"42":{"start":{"line":84,"column":12},"end":{"line":84,"column":59}},"43":{"start":{"line":85,"column":12},"end":{"line":85,"column":41}},"44":{"start":{"line":87,"column":12},"end":{"line":87,"column":22}},"45":{"start":{"line":92,"column":8},"end":{"line":99,"column":9}},"46":{"start":{"line":93,"column":12},"end":{"line":93,"column":86}},"47":{"start":{"line":94,"column":27},"end":{"line":94,"column":121}},"48":{"start":{"line":95,"column":12},"end":{"line":95,"column":61}},"49":{"start":{"line":96,"column":12},"end":{"line":96,"column":41}},"50":{"start":{"line":98,"column":12},"end":{"line":98,"column":22}},"51":{"start":{"line":103,"column":8},"end":{"line":110,"column":9}},"52":{"start":{"line":104,"column":12},"end":{"line":104,"column":86}},"53":{"start":{"line":105,"column":27},"end":{"line":105,"column":111}},"54":{"start":{"line":106,"column":12},"end":{"line":106,"column":61}},"55":{"start":{"line":107,"column":12},"end":{"line":107,"column":41}},"56":{"start":{"line":109,"column":12},"end":{"line":109,"column":22}},"57":{"start":{"line":114,"column":8},"end":{"line":121,"column":9}},"58":{"start":{"line":115,"column":12},"end":{"line":115,"column":83}},"59":{"start":{"line":116,"column":27},"end":{"line":116,"column":86}},"60":{"start":{"line":117,"column":12},"end":{"line":117,"column":54}},"61":{"start":{"line":118,"column":12},"end":{"line":118,"column":41}},"62":{"start":{"line":120,"column":12},"end":{"line":120,"column":22}}},"fnMap":{"0":{"name":"(anonymous_0)","decl":{"start":{"line":4,"column":4},"end":{"line":4,"column":5}},"loc":{"start":{"line":4,"column":34},"end":{"line":13,"column":5}},"line":4},"1":{"name":"(anonymous_1)","decl":{"start":{"line":15,"column":4},"end":{"line":15,"column":5}},"loc":{"start":{"line":15,"column":37},"end":{"line":24,"column":5}},"line":15},"2":{"name":"(anonymous_2)","decl":{"start":{"line":26,"column":4},"end":{"line":26,"column":5}},"loc":{"start":{"line":26,"column":37},"end":{"line":35,"column":5}},"line":26},"3":{"name":"(anonymous_3)","decl":{"start":{"line":37,"column":4},"end":{"line":37,"column":5}},"loc":{"start":{"line":37,"column":35},"end":{"line":49,"column":5}},"line":37},"4":{"name":"(anonymous_4)","decl":{"start":{"line":51,"column":4},"end":{"line":51,"column":5}},"loc":{"start":{"line":51,"column":40},"end":{"line":63,"column":5}},"line":51},"5":{"name":"(anonymous_5)","decl":{"start":{"line":65,"column":4},"end":{"line":65,"column":5}},"loc":{"start":{"line":65,"column":35},"end":{"line":78,"column":5}},"line":65},"6":{"name":"(anonymous_6)","decl":{"start":{"line":80,"column":4},"end":{"line":80,"column":5}},"loc":{"start":{"line":80,"column":37},"end":{"line":89,"column":5}},"line":80},"7":{"name":"(anonymous_7)","decl":{"start":{"line":91,"column":4},"end":{"line":91,"column":5}},"loc":{"start":{"line":91,"column":40},"end":{"line":100,"column":5}},"line":91},"8":{"name":"(anonymous_8)","decl":{"start":{"line":102,"column":4},"end":{"line":102,"column":5}},"loc":{"start":{"line":102,"column":40},"end":{"line":111,"column":5}},"line":102},"9":{"name":"(anonymous_9)","decl":{"start":{"line":113,"column":4},"end":{"line":113,"column":5}},"loc":{"start":{"line":113,"column":37},"end":{"line":122,"column":5}},"line":113}},"branchMap":{"0":{"loc":{"start":{"line":38,"column":8},"end":{"line":41,"column":9}},"type":"if","locations":[{"start":{"line":38,"column":8},"end":{"line":41,"column":9}},{"start":{},"end":{}}],"line":38},"1":{"loc":{"start":{"line":53,"column":8},"end":{"line":56,"column":9}},"type":"if","locations":[{"start":{"line":53,"column":8},"end":{"line":56,"column":9}},{"start":{},"end":{}}],"line":53},"2":{"loc":{"start":{"line":67,"column":8},"end":{"line":70,"column":9}},"type":"if","locations":[{"start":{"line":67,"column":8},"end":{"line":70,"column":9}},{"start":{},"end":{}}],"line":67}},"s":{"0":0,"1":0,"2":0,"3":0,"4":0,"5":0,"6":0,"7":0,"8":0,"9":0,"10":0,"11":0,"12":0,"13":0,"14":0,"15":0,"16":0,"17":0,"18":0,"19":0,"20":0,"21":0,"22":0,"23":0,"24":0,"25":0,"26":0,"27":0,"28":0,"29":0,"30":0,"31":0,"32":0,"33":0,"34":0,"35":0,"36":0,"37":0,"38":0,"39":0,"40":0,"41":0,"42":0,"43":0,"44":0,"45":0,"46":0,"47":0,"48":0,"49":0,"50":0,"51":0,"52":0,"53":0,"54":0,"55":0,"56":0,"57":0,"58":0,"59":0,"60":0,"61":0,"62":0},"f":{"0":0,"1":0,"2":0,"3":0,"4":0,"5":0,"6":0,"7":0,"8":0,"9":0},"b":{"0":[0,0],"1":[0,0],"2":[0,0]},"all":true},"/home/shalke/projects/blog/src/api/rest/controllers/UserController.js":{"path":"/home/shalke/projects/blog/src/api/rest/controllers/UserController.js","statementMap":{"0":{"start":{"line":5,"column":8},"end":{"line":12,"column":9}},"1":{"start":{"line":6,"column":12},"end":{"line":6,"column":87}},"2":{"start":{"line":7,"column":27},"end":{"line":7,"column":81}},"3":{"start":{"line":8,"column":12},"end":{"line":8,"column":62}},"4":{"start":{"line":9,"column":12},"end":{"line":9,"column":41}},"5":{"start":{"line":11,"column":12},"end":{"line":11,"column":22}},"6":{"start":{"line":16,"column":8},"end":{"line":23,"column":9}},"7":{"start":{"line":17,"column":12},"end":{"line":17,"column":87}},"8":{"start":{"line":18,"column":27},"end":{"line":18,"column":81}},"9":{"start":{"line":19,"column":12},"end":{"line":19,"column":62}},"10":{"start":{"line":20,"column":12},"end":{"line":20,"column":41}},"11":{"start":{"line":22,"column":12},"end":{"line":22,"column":22}},"12":{"start":{"line":27,"column":8},"end":{"line":37,"column":9}},"13":{"start":{"line":28,"column":12},"end":{"line":28,"column":85}},"14":{"start":{"line":29,"column":12},"end":{"line":31,"column":13}},"15":{"start":{"line":30,"column":16},"end":{"line":30,"column":78}},"16":{"start":{"line":32,"column":27},"end":{"line":32,"column":79}},"17":{"start":{"line":33,"column":12},"end":{"line":33,"column":61}},"18":{"start":{"line":34,"column":12},"end":{"line":34,"column":41}},"19":{"start":{"line":36,"column":12},"end":{"line":36,"column":22}},"20":{"start":{"line":41,"column":8},"end":{"line":48,"column":9}},"21":{"start":{"line":42,"column":12},"end":{"line":42,"column":85}},"22":{"start":{"line":43,"column":27},"end":{"line":43,"column":69}},"23":{"start":{"line":44,"column":12},"end":{"line":44,"column":60}},"24":{"start":{"line":45,"column":12},"end":{"line":45,"column":41}},"25":{"start":{"line":47,"column":12},"end":{"line":47,"column":22}}},"fnMap":{"0":{"name":"(anonymous_0)","decl":{"start":{"line":4,"column":4},"end":{"line":4,"column":5}},"loc":{"start":{"line":4,"column":41},"end":{"line":13,"column":5}},"line":4},"1":{"name":"(anonymous_1)","decl":{"start":{"line":15,"column":4},"end":{"line":15,"column":5}},"loc":{"start":{"line":15,"column":41},"end":{"line":24,"column":5}},"line":15},"2":{"name":"(anonymous_2)","decl":{"start":{"line":26,"column":4},"end":{"line":26,"column":5}},"loc":{"start":{"line":26,"column":39},"end":{"line":38,"column":5}},"line":26},"3":{"name":"(anonymous_3)","decl":{"start":{"line":40,"column":4},"end":{"line":40,"column":5}},"loc":{"start":{"line":40,"column":39},"end":{"line":49,"column":5}},"line":40}},"branchMap":{"0":{"loc":{"start":{"line":29,"column":12},"end":{"line":31,"column":13}},"type":"if","locations":[{"start":{"line":29,"column":12},"end":{"line":31,"column":13}},{"start":{},"end":{}}],"line":29}},"s":{"0":0,"1":0,"2":0,"3":0,"4":0,"5":0,"6":0,"7":0,"8":0,"9":0,"10":0,"11":0,"12":0,"13":0,"14":0,"15":0,"16":0,"17":0,"18":0,"19":0,"20":0,"21":0,"22":0,"23":0,"24":0,"25":0},"f":{"0":0,"1":0,"2":0,"3":0},"b":{"0":[0,0]},"all":true},"/home/shalke/projects/blog/src/api/rest/restApi.js":{"path":"/home/shalke/projects/blog/src/api/rest/restApi.js","statementMap":{"0":{"start":{"line":6,"column":15},"end":{"line":6,"column":23}},"1":{"start":{"line":8,"column":0},"end":{"line":8,"column":32}},"2":{"start":{"line":9,"column":0},"end":{"line":9,"column":32}},"3":{"start":{"line":10,"column":0},"end":{"line":10,"column":32}}},"fnMap":{},"branchMap":{},"s":{"0":0,"1":0,"2":0,"3":0},"f":{},"b":{},"all":true},"/home/shalke/projects/blog/src/api/rest/routes/authRoutes.js":{"path":"/home/shalke/projects/blog/src/api/rest/routes/authRoutes.js","statementMap":{"0":{"start":{"line":11,"column":15},"end":{"line":11,"column":23}},"1":{"start":{"line":13,"column":0},"end":{"line":13,"column":69}},"2":{"start":{"line":14,"column":0},"end":{"line":14,"column":78}},"3":{"start":{"line":15,"column":0},"end":{"line":15,"column":95}},"4":{"start":{"line":16,"column":0},"end":{"line":16,"column":112}},"5":{"start":{"line":17,"column":0},"end":{"line":17,"column":98}}},"fnMap":{},"branchMap":{},"s":{"0":0,"1":0,"2":0,"3":0,"4":0,"5":0},"f":{},"b":{},"all":true},"/home/shalke/projects/blog/src/api/rest/routes/postRoutes.js":{"path":"/home/shalke/projects/blog/src/api/rest/routes/postRoutes.js","statementMap":{"0":{"start":{"line":13,"column":15},"end":{"line":13,"column":23}},"1":{"start":{"line":15,"column":0},"end":{"line":15,"column":83}},"2":{"start":{"line":16,"column":4},"end":{"line":16,"column":137}},"3":{"start":{"line":17,"column":4},"end":{"line":17,"column":116}},"4":{"start":{"line":18,"column":4},"end":{"line":18,"column":132}},"5":{"start":{"line":19,"column":4},"end":{"line":19,"column":112}},"6":{"start":{"line":20,"column":4},"end":{"line":20,"column":140}},"7":{"start":{"line":21,"column":4},"end":{"line":21,"column":165}},"8":{"start":{"line":22,"column":4},"end":{"line":22,"column":141}},"9":{"start":{"line":23,"column":4},"end":{"line":23,"column":113}},"10":{"start":{"line":24,"column":4},"end":{"line":24,"column":114}}},"fnMap":{},"branchMap":{},"s":{"0":0,"1":0,"2":0,"3":0,"4":0,"5":0,"6":0,"7":0,"8":0,"9":0,"10":0},"f":{},"b":{},"all":true},"/home/shalke/projects/blog/src/api/rest/routes/userRoutes.js":{"path":"/home/shalke/projects/blog/src/api/rest/routes/userRoutes.js","statementMap":{"0":{"start":{"line":10,"column":15},"end":{"line":10,"column":23}},"1":{"start":{"line":12,"column":0},"end":{"line":12,"column":99}},"2":{"start":{"line":13,"column":0},"end":{"line":13,"column":105}},"3":{"start":{"line":14,"column":0},"end":{"line":14,"column":137}},"4":{"start":{"line":15,"column":0},"end":{"line":15,"column":77}}},"fnMap":{},"branchMap":{},"s":{"0":0,"1":0,"2":0,"3":0,"4":0},"f":{},"b":{},"all":true},"/home/shalke/projects/blog/src/api/rest/validators/authValidators/LoginValidator.js":{"path":"/home/shalke/projects/blog/src/api/rest/validators/authValidators/LoginValidator.js","statementMap":{"0":{"start":{"line":4,"column":15},"end":{"line":7,"column":2}}},"fnMap":{},"branchMap":{},"s":{"0":0},"f":{},"b":{},"all":true},"/home/shalke/projects/blog/src/api/rest/validators/authValidators/RegisterValidator.js":{"path":"/home/shalke/projects/blog/src/api/rest/validators/authValidators/RegisterValidator.js","statementMap":{"0":{"start":{"line":4,"column":15},"end":{"line":12,"column":2}}},"fnMap":{},"branchMap":{},"s":{"0":0},"f":{},"b":{},"all":true},"/home/shalke/projects/blog/src/api/rest/validators/authValidators/ResetPasswordRequestValidator.js":{"path":"/home/shalke/projects/blog/src/api/rest/validators/authValidators/ResetPasswordRequestValidator.js","statementMap":{"0":{"start":{"line":4,"column":15},"end":{"line":6,"column":2}}},"fnMap":{},"branchMap":{},"s":{"0":0},"f":{},"b":{},"all":true},"/home/shalke/projects/blog/src/api/rest/validators/authValidators/ResetTokenValidator.js":{"path":"/home/shalke/projects/blog/src/api/rest/validators/authValidators/ResetTokenValidator.js","statementMap":{"0":{"start":{"line":4,"column":15},"end":{"line":4,"column":78}}},"fnMap":{},"branchMap":{},"s":{"0":0},"f":{},"b":{},"all":true},"/home/shalke/projects/blog/src/api/rest/validators/authValidators/ResetUpdatePasswordValidator.js":{"path":"/home/shalke/projects/blog/src/api/rest/validators/authValidators/ResetUpdatePasswordValidator.js","statementMap":{"0":{"start":{"line":4,"column":15},"end":{"line":10,"column":2}}},"fnMap":{},"branchMap":{},"s":{"0":0},"f":{},"b":{},"all":true},"/home/shalke/projects/blog/src/api/rest/validators/BaseValidator.js":{"path":"/home/shalke/projects/blog/src/api/rest/validators/BaseValidator.js","statementMap":{"0":{"start":{"line":2,"column":2},"end":{"line":19,"column":4}},"1":{"start":{"line":3,"column":17},"end":{"line":3,"column":28}},"2":{"start":{"line":4,"column":4},"end":{"line":4,"column":55}},"3":{"start":{"line":5,"column":29},"end":{"line":5,"column":73}},"4":{"start":{"line":9,"column":4},"end":{"line":11,"column":5}},"5":{"start":{"line":10,"column":6},"end":{"line":10,"column":25}},"6":{"start":{"line":13,"column":4},"end":{"line":17,"column":5}},"7":{"start":{"line":14,"column":6},"end":{"line":14,"column":40}},"8":{"start":{"line":16,"column":6},"end":{"line":16,"column":26}},"9":{"start":{"line":18,"column":4},"end":{"line":18,"column":11}}},"fnMap":{"0":{"name":"validate","decl":{"start":{"line":1,"column":24},"end":{"line":1,"column":32}},"loc":{"start":{"line":1,"column":58},"end":{"line":20,"column":1}},"line":1},"1":{"name":"(anonymous_1)","decl":{"start":{"line":2,"column":9},"end":{"line":2,"column":10}},"loc":{"start":{"line":2,"column":29},"end":{"line":19,"column":3}},"line":2}},"branchMap":{"0":{"loc":{"start":{"line":1,"column":41},"end":{"line":1,"column":56}},"type":"default-arg","locations":[{"start":{"line":1,"column":50},"end":{"line":1,"column":56}}],"line":1},"1":{"loc":{"start":{"line":9,"column":4},"end":{"line":11,"column":5}},"type":"if","locations":[{"start":{"line":9,"column":4},"end":{"line":11,"column":5}},{"start":{},"end":{}}],"line":9},"2":{"loc":{"start":{"line":13,"column":4},"end":{"line":17,"column":5}},"type":"if","locations":[{"start":{"line":13,"column":4},"end":{"line":17,"column":5}},{"start":{"line":15,"column":11},"end":{"line":17,"column":5}}],"line":13},"3":{"loc":{"start":{"line":13,"column":8},"end":{"line":13,"column":49}},"type":"binary-expr","locations":[{"start":{"line":13,"column":8},"end":{"line":13,"column":26}},{"start":{"line":13,"column":30},"end":{"line":13,"column":49}}],"line":13}},"s":{"0":0,"1":0,"2":0,"3":0,"4":0,"5":0,"6":0,"7":0,"8":0,"9":0},"f":{"0":0,"1":0},"b":{"0":[0],"1":[0,0],"2":[0,0],"3":[0,0]},"all":true},"/home/shalke/projects/blog/src/api/rest/validators/postValidators/commentValidatorSchema.js":{"path":"/home/shalke/projects/blog/src/api/rest/validators/postValidators/commentValidatorSchema.js","statementMap":{"0":{"start":{"line":4,"column":22},"end":{"line":6,"column":13}}},"fnMap":{},"branchMap":{},"s":{"0":0},"f":{},"b":{},"all":true},"/home/shalke/projects/blog/src/api/rest/validators/postValidators/idParamValidatorSchema.js":{"path":"/home/shalke/projects/blog/src/api/rest/validators/postValidators/idParamValidatorSchema.js","statementMap":{"0":{"start":{"line":3,"column":22},"end":{"line":5,"column":2}}},"fnMap":{},"branchMap":{},"s":{"0":0},"f":{},"b":{},"all":true},"/home/shalke/projects/blog/src/api/rest/validators/postValidators/paginationQueryValidatorSchema.js":{"path":"/home/shalke/projects/blog/src/api/rest/validators/postValidators/paginationQueryValidatorSchema.js","statementMap":{"0":{"start":{"line":4,"column":30},"end":{"line":7,"column":2}}},"fnMap":{},"branchMap":{},"s":{"0":0},"f":{},"b":{},"all":true},"/home/shalke/projects/blog/src/api/rest/validators/postValidators/postAndCommentIdsValidatorSchema.js":{"path":"/home/shalke/projects/blog/src/api/rest/validators/postValidators/postAndCommentIdsValidatorSchema.js","statementMap":{"0":{"start":{"line":3,"column":32},"end":{"line":6,"column":2}}},"fnMap":{},"branchMap":{},"s":{"0":0},"f":{},"b":{},"all":true},"/home/shalke/projects/blog/src/api/rest/validators/postValidators/postValidatorSchema.js":{"path":"/home/shalke/projects/blog/src/api/rest/validators/postValidators/postValidatorSchema.js","statementMap":{"0":{"start":{"line":4,"column":19},"end":{"line":17,"column":2}}},"fnMap":{},"branchMap":{},"s":{"0":0},"f":{},"b":{},"all":true},"/home/shalke/projects/blog/src/api/rest/validators/userValidators/updatePasswordValidator.js":{"path":"/home/shalke/projects/blog/src/api/rest/validators/userValidators/updatePasswordValidator.js","statementMap":{"0":{"start":{"line":4,"column":15},"end":{"line":10,"column":2}}},"fnMap":{},"branchMap":{},"s":{"0":0},"f":{},"b":{},"all":true},"/home/shalke/projects/blog/src/api/rest/validators/userValidators/usernameValidator.js":{"path":"/home/shalke/projects/blog/src/api/rest/validators/userValidators/usernameValidator.js","statementMap":{"0":{"start":{"line":4,"column":15},"end":{"line":6,"column":2}}},"fnMap":{},"branchMap":{},"s":{"0":0},"f":{},"b":{},"all":true},"/home/shalke/projects/blog/src/api/socket/actions/PostActions.js":{"path":"/home/shalke/projects/blog/src/api/socket/actions/PostActions.js","statementMap":{"0":{"start":{"line":11,"column":4},"end":{"line":24,"column":7}},"1":{"start":{"line":12,"column":8},"end":{"line":23,"column":9}},"2":{"start":{"line":13,"column":35},"end":{"line":13,"column":76}},"3":{"start":{"line":14,"column":12},"end":{"line":16,"column":13}},"4":{"start":{"line":15,"column":16},"end":{"line":15,"column":101}},"5":{"start":{"line":15,"column":78},"end":{"line":15,"column":87}},"6":{"start":{"line":17,"column":27},"end":{"line":17,"column":79}},"7":{"start":{"line":18,"column":12},"end":{"line":18,"column":56}},"8":{"start":{"line":19,"column":12},"end":{"line":19,"column":43}},"9":{"start":{"line":21,"column":12},"end":{"line":21,"column":55}},"10":{"start":{"line":22,"column":12},"end":{"line":22,"column":56}},"11":{"start":{"line":27,"column":4},"end":{"line":40,"column":7}},"12":{"start":{"line":28,"column":8},"end":{"line":39,"column":9}},"13":{"start":{"line":29,"column":35},"end":{"line":29,"column":76}},"14":{"start":{"line":30,"column":12},"end":{"line":32,"column":13}},"15":{"start":{"line":31,"column":16},"end":{"line":31,"column":101}},"16":{"start":{"line":31,"column":78},"end":{"line":31,"column":87}},"17":{"start":{"line":33,"column":27},"end":{"line":33,"column":96}},"18":{"start":{"line":34,"column":12},"end":{"line":34,"column":58}},"19":{"start":{"line":35,"column":12},"end":{"line":35,"column":43}},"20":{"start":{"line":37,"column":12},"end":{"line":37,"column":55}},"21":{"start":{"line":38,"column":12},"end":{"line":38,"column":56}},"22":{"start":{"line":42,"column":4},"end":{"line":55,"column":7}},"23":{"start":{"line":43,"column":8},"end":{"line":54,"column":9}},"24":{"start":{"line":44,"column":35},"end":{"line":44,"column":68}},"25":{"start":{"line":45,"column":12},"end":{"line":47,"column":13}},"26":{"start":{"line":46,"column":16},"end":{"line":46,"column":101}},"27":{"start":{"line":46,"column":78},"end":{"line":46,"column":87}},"28":{"start":{"line":48,"column":27},"end":{"line":48,"column":84}},"29":{"start":{"line":49,"column":12},"end":{"line":49,"column":58}},"30":{"start":{"line":50,"column":12},"end":{"line":50,"column":43}},"31":{"start":{"line":52,"column":12},"end":{"line":52,"column":55}},"32":{"start":{"line":53,"column":12},"end":{"line":53,"column":56}},"33":{"start":{"line":57,"column":4},"end":{"line":70,"column":7}},"34":{"start":{"line":58,"column":8},"end":{"line":69,"column":9}},"35":{"start":{"line":59,"column":35},"end":{"line":59,"column":68}},"36":{"start":{"line":60,"column":12},"end":{"line":62,"column":13}},"37":{"start":{"line":61,"column":16},"end":{"line":61,"column":101}},"38":{"start":{"line":61,"column":78},"end":{"line":61,"column":87}},"39":{"start":{"line":63,"column":27},"end":{"line":63,"column":82}},"40":{"start":{"line":64,"column":12},"end":{"line":64,"column":55}},"41":{"start":{"line":65,"column":12},"end":{"line":65,"column":43}},"42":{"start":{"line":67,"column":12},"end":{"line":67,"column":54}},"43":{"start":{"line":68,"column":12},"end":{"line":68,"column":56}},"44":{"start":{"line":72,"column":4},"end":{"line":86,"column":7}},"45":{"start":{"line":73,"column":8},"end":{"line":85,"column":9}},"46":{"start":{"line":74,"column":35},"end":{"line":74,"column":74}},"47":{"start":{"line":75,"column":12},"end":{"line":77,"column":13}},"48":{"start":{"line":76,"column":16},"end":{"line":76,"column":101}},"49":{"start":{"line":76,"column":78},"end":{"line":76,"column":87}},"50":{"start":{"line":79,"column":27},"end":{"line":79,"column":98}},"51":{"start":{"line":80,"column":12},"end":{"line":82,"column":15}},"52":{"start":{"line":84,"column":12},"end":{"line":84,"column":56}},"53":{"start":{"line":88,"column":4},"end":{"line":101,"column":7}},"54":{"start":{"line":89,"column":8},"end":{"line":100,"column":9}},"55":{"start":{"line":90,"column":35},"end":{"line":90,"column":74}},"56":{"start":{"line":91,"column":12},"end":{"line":93,"column":13}},"57":{"start":{"line":92,"column":16},"end":{"line":92,"column":101}},"58":{"start":{"line":92,"column":78},"end":{"line":92,"column":87}},"59":{"start":{"line":94,"column":27},"end":{"line":94,"column":93}},"60":{"start":{"line":95,"column":12},"end":{"line":97,"column":15}},"61":{"start":{"line":99,"column":12},"end":{"line":99,"column":56}},"62":{"start":{"line":103,"column":4},"end":{"line":115,"column":7}},"63":{"start":{"line":104,"column":8},"end":{"line":114,"column":9}},"64":{"start":{"line":105,"column":35},"end":{"line":105,"column":76}},"65":{"start":{"line":106,"column":12},"end":{"line":108,"column":13}},"66":{"start":{"line":107,"column":16},"end":{"line":107,"column":101}},"67":{"start":{"line":107,"column":78},"end":{"line":107,"column":87}},"68":{"start":{"line":109,"column":27},"end":{"line":109,"column":96}},"69":{"start":{"line":110,"column":12},"end":{"line":110,"column":43}},"70":{"start":{"line":112,"column":12},"end":{"line":112,"column":56}},"71":{"start":{"line":113,"column":12},"end":{"line":113,"column":56}},"72":{"start":{"line":117,"column":4},"end":{"line":130,"column":7}},"73":{"start":{"line":118,"column":8},"end":{"line":129,"column":9}},"74":{"start":{"line":119,"column":35},"end":{"line":119,"column":79}},"75":{"start":{"line":120,"column":12},"end":{"line":122,"column":13}},"76":{"start":{"line":121,"column":16},"end":{"line":121,"column":101}},"77":{"start":{"line":121,"column":78},"end":{"line":121,"column":87}},"78":{"start":{"line":123,"column":27},"end":{"line":123,"column":116}},"79":{"start":{"line":124,"column":12},"end":{"line":124,"column":61}},"80":{"start":{"line":125,"column":12},"end":{"line":125,"column":43}},"81":{"start":{"line":127,"column":12},"end":{"line":127,"column":58}},"82":{"start":{"line":128,"column":12},"end":{"line":128,"column":56}},"83":{"start":{"line":132,"column":4},"end":{"line":145,"column":7}},"84":{"start":{"line":133,"column":8},"end":{"line":144,"column":9}},"85":{"start":{"line":134,"column":35},"end":{"line":134,"column":81}},"86":{"start":{"line":135,"column":12},"end":{"line":137,"column":13}},"87":{"start":{"line":136,"column":16},"end":{"line":136,"column":101}},"88":{"start":{"line":136,"column":78},"end":{"line":136,"column":87}},"89":{"start":{"line":138,"column":27},"end":{"line":138,"column":104}},"90":{"start":{"line":139,"column":12},"end":{"line":139,"column":61}},"91":{"start":{"line":140,"column":12},"end":{"line":140,"column":43}},"92":{"start":{"line":142,"column":12},"end":{"line":142,"column":58}},"93":{"start":{"line":143,"column":12},"end":{"line":143,"column":56}},"94":{"start":{"line":147,"column":4},"end":{"line":160,"column":7}},"95":{"start":{"line":148,"column":8},"end":{"line":159,"column":9}},"96":{"start":{"line":149,"column":35},"end":{"line":149,"column":68}},"97":{"start":{"line":150,"column":12},"end":{"line":152,"column":13}},"98":{"start":{"line":151,"column":16},"end":{"line":151,"column":101}},"99":{"start":{"line":151,"column":78},"end":{"line":151,"column":87}},"100":{"start":{"line":153,"column":27},"end":{"line":153,"column":84}},"101":{"start":{"line":154,"column":12},"end":{"line":154,"column":63}},"102":{"start":{"line":155,"column":12},"end":{"line":155,"column":43}},"103":{"start":{"line":157,"column":12},"end":{"line":157,"column":55}},"104":{"start":{"line":158,"column":12},"end":{"line":158,"column":56}}},"fnMap":{"0":{"name":"PostActions","decl":{"start":{"line":10,"column":24},"end":{"line":10,"column":35}},"loc":{"start":{"line":10,"column":44},"end":{"line":161,"column":1}},"line":10},"1":{"name":"(anonymous_1)","decl":{"start":{"line":11,"column":29},"end":{"line":11,"column":30}},"loc":{"start":{"line":11,"column":53},"end":{"line":24,"column":5}},"line":11},"2":{"name":"(anonymous_2)","decl":{"start":{"line":15,"column":73},"end":{"line":15,"column":74}},"loc":{"start":{"line":15,"column":78},"end":{"line":15,"column":87}},"line":15},"3":{"name":"(anonymous_3)","decl":{"start":{"line":27,"column":29},"end":{"line":27,"column":30}},"loc":{"start":{"line":27,"column":53},"end":{"line":40,"column":5}},"line":27},"4":{"name":"(anonymous_4)","decl":{"start":{"line":31,"column":73},"end":{"line":31,"column":74}},"loc":{"start":{"line":31,"column":78},"end":{"line":31,"column":87}},"line":31},"5":{"name":"(anonymous_5)","decl":{"start":{"line":42,"column":29},"end":{"line":42,"column":30}},"loc":{"start":{"line":42,"column":53},"end":{"line":55,"column":5}},"line":42},"6":{"name":"(anonymous_6)","decl":{"start":{"line":46,"column":73},"end":{"line":46,"column":74}},"loc":{"start":{"line":46,"column":78},"end":{"line":46,"column":87}},"line":46},"7":{"name":"(anonymous_7)","decl":{"start":{"line":57,"column":27},"end":{"line":57,"column":28}},"loc":{"start":{"line":57,"column":51},"end":{"line":70,"column":5}},"line":57},"8":{"name":"(anonymous_8)","decl":{"start":{"line":61,"column":73},"end":{"line":61,"column":74}},"loc":{"start":{"line":61,"column":78},"end":{"line":61,"column":87}},"line":61},"9":{"name":"(anonymous_9)","decl":{"start":{"line":72,"column":36},"end":{"line":72,"column":37}},"loc":{"start":{"line":72,"column":60},"end":{"line":86,"column":5}},"line":72},"10":{"name":"(anonymous_10)","decl":{"start":{"line":76,"column":73},"end":{"line":76,"column":74}},"loc":{"start":{"line":76,"column":78},"end":{"line":76,"column":87}},"line":76},"11":{"name":"(anonymous_11)","decl":{"start":{"line":88,"column":31},"end":{"line":88,"column":32}},"loc":{"start":{"line":88,"column":55},"end":{"line":101,"column":5}},"line":88},"12":{"name":"(anonymous_12)","decl":{"start":{"line":92,"column":73},"end":{"line":92,"column":74}},"loc":{"start":{"line":92,"column":78},"end":{"line":92,"column":87}},"line":92},"13":{"name":"(anonymous_13)","decl":{"start":{"line":103,"column":33},"end":{"line":103,"column":34}},"loc":{"start":{"line":103,"column":57},"end":{"line":115,"column":5}},"line":103},"14":{"name":"(anonymous_14)","decl":{"start":{"line":107,"column":73},"end":{"line":107,"column":74}},"loc":{"start":{"line":107,"column":78},"end":{"line":107,"column":87}},"line":107},"15":{"name":"(anonymous_15)","decl":{"start":{"line":117,"column":36},"end":{"line":117,"column":37}},"loc":{"start":{"line":117,"column":60},"end":{"line":130,"column":5}},"line":117},"16":{"name":"(anonymous_16)","decl":{"start":{"line":121,"column":73},"end":{"line":121,"column":74}},"loc":{"start":{"line":121,"column":78},"end":{"line":121,"column":87}},"line":121},"17":{"name":"(anonymous_17)","decl":{"start":{"line":132,"column":36},"end":{"line":132,"column":37}},"loc":{"start":{"line":132,"column":60},"end":{"line":145,"column":5}},"line":132},"18":{"name":"(anonymous_18)","decl":{"start":{"line":136,"column":73},"end":{"line":136,"column":74}},"loc":{"start":{"line":136,"column":78},"end":{"line":136,"column":87}},"line":136},"19":{"name":"(anonymous_19)","decl":{"start":{"line":147,"column":33},"end":{"line":147,"column":34}},"loc":{"start":{"line":147,"column":57},"end":{"line":160,"column":5}},"line":147},"20":{"name":"(anonymous_20)","decl":{"start":{"line":151,"column":73},"end":{"line":151,"column":74}},"loc":{"start":{"line":151,"column":78},"end":{"line":151,"column":87}},"line":151}},"branchMap":{"0":{"loc":{"start":{"line":14,"column":12},"end":{"line":16,"column":13}},"type":"if","locations":[{"start":{"line":14,"column":12},"end":{"line":16,"column":13}},{"start":{},"end":{}}],"line":14},"1":{"loc":{"start":{"line":30,"column":12},"end":{"line":32,"column":13}},"type":"if","locations":[{"start":{"line":30,"column":12},"end":{"line":32,"column":13}},{"start":{},"end":{}}],"line":30},"2":{"loc":{"start":{"line":45,"column":12},"end":{"line":47,"column":13}},"type":"if","locations":[{"start":{"line":45,"column":12},"end":{"line":47,"column":13}},{"start":{},"end":{}}],"line":45},"3":{"loc":{"start":{"line":60,"column":12},"end":{"line":62,"column":13}},"type":"if","locations":[{"start":{"line":60,"column":12},"end":{"line":62,"column":13}},{"start":{},"end":{}}],"line":60},"4":{"loc":{"start":{"line":75,"column":12},"end":{"line":77,"column":13}},"type":"if","locations":[{"start":{"line":75,"column":12},"end":{"line":77,"column":13}},{"start":{},"end":{}}],"line":75},"5":{"loc":{"start":{"line":91,"column":12},"end":{"line":93,"column":13}},"type":"if","locations":[{"start":{"line":91,"column":12},"end":{"line":93,"column":13}},{"start":{},"end":{}}],"line":91},"6":{"loc":{"start":{"line":106,"column":12},"end":{"line":108,"column":13}},"type":"if","locations":[{"start":{"line":106,"column":12},"end":{"line":108,"column":13}},{"start":{},"end":{}}],"line":106},"7":{"loc":{"start":{"line":120,"column":12},"end":{"line":122,"column":13}},"type":"if","locations":[{"start":{"line":120,"column":12},"end":{"line":122,"column":13}},{"start":{},"end":{}}],"line":120},"8":{"loc":{"start":{"line":135,"column":12},"end":{"line":137,"column":13}},"type":"if","locations":[{"start":{"line":135,"column":12},"end":{"line":137,"column":13}},{"start":{},"end":{}}],"line":135},"9":{"loc":{"start":{"line":150,"column":12},"end":{"line":152,"column":13}},"type":"if","locations":[{"start":{"line":150,"column":12},"end":{"line":152,"column":13}},{"start":{},"end":{}}],"line":150}},"s":{"0":0,"1":0,"2":0,"3":0,"4":0,"5":0,"6":0,"7":0,"8":0,"9":0,"10":0,"11":0,"12":0,"13":0,"14":0,"15":0,"16":0,"17":0,"18":0,"19":0,"20":0,"21":0,"22":0,"23":0,"24":0,"25":0,"26":0,"27":0,"28":0,"29":0,"30":0,"31":0,"32":0,"33":0,"34":0,"35":0,"36":0,"37":0,"38":0,"39":0,"40":0,"41":0,"42":0,"43":0,"44":0,"45":0,"46":0,"47":0,"48":0,"49":0,"50":0,"51":0,"52":0,"53":0,"54":0,"55":0,"56":0,"57":0,"58":0,"59":0,"60":0,"61":0,"62":0,"63":0,"64":0,"65":0,"66":0,"67":0,"68":0,"69":0,"70":0,"71":0,"72":0,"73":0,"74":0,"75":0,"76":0,"77":0,"78":0,"79":0,"80":0,"81":0,"82":0,"83":0,"84":0,"85":0,"86":0,"87":0,"88":0,"89":0,"90":0,"91":0,"92":0,"93":0,"94":0,"95":0,"96":0,"97":0,"98":0,"99":0,"100":0,"101":0,"102":0,"103":0,"104":0},"f":{"0":0,"1":0,"2":0,"3":0,"4":0,"5":0,"6":0,"7":0,"8":0,"9":0,"10":0,"11":0,"12":0,"13":0,"14":0,"15":0,"16":0,"17":0,"18":0,"19":0,"20":0},"b":{"0":[0,0],"1":[0,0],"2":[0,0],"3":[0,0],"4":[0,0],"5":[0,0],"6":[0,0],"7":[0,0],"8":[0,0],"9":[0,0]},"all":true},"/home/shalke/projects/blog/src/api/socket/socketApi.js":{"path":"/home/shalke/projects/blog/src/api/socket/socketApi.js","statementMap":{"0":{"start":{"line":5,"column":4},"end":{"line":5,"column":27}},"1":{"start":{"line":7,"column":4},"end":{"line":9,"column":7}},"2":{"start":{"line":8,"column":8},"end":{"line":8,"column":28}}},"fnMap":{"0":{"name":"socketApi","decl":{"start":{"line":4,"column":24},"end":{"line":4,"column":33}},"loc":{"start":{"line":4,"column":38},"end":{"line":10,"column":1}},"line":4},"1":{"name":"(anonymous_1)","decl":{"start":{"line":7,"column":24},"end":{"line":7,"column":25}},"loc":{"start":{"line":7,"column":36},"end":{"line":9,"column":5}},"line":7}},"branchMap":{},"s":{"0":0,"1":0,"2":0},"f":{"0":0,"1":0},"b":{},"all":true},"/home/shalke/projects/blog/src/api/socket/validators/addCommentPayloadSchema.js":{"path":"/home/shalke/projects/blog/src/api/socket/validators/addCommentPayloadSchema.js","statementMap":{"0":{"start":{"line":4,"column":32},"end":{"line":7,"column":2}}},"fnMap":{},"branchMap":{},"s":{"0":0},"f":{},"b":{},"all":true},"/home/shalke/projects/blog/src/api/socket/validators/commentSchema.js":{"path":"/home/shalke/projects/blog/src/api/socket/validators/commentSchema.js","statementMap":{"0":{"start":{"line":4,"column":22},"end":{"line":6,"column":13}}},"fnMap":{},"branchMap":{},"s":{"0":0},"f":{},"b":{},"all":true},"/home/shalke/projects/blog/src/api/socket/validators/createPostPayloadSchema.js":{"path":"/home/shalke/projects/blog/src/api/socket/validators/createPostPayloadSchema.js","statementMap":{"0":{"start":{"line":4,"column":32},"end":{"line":6,"column":2}}},"fnMap":{},"branchMap":{},"s":{"0":0},"f":{},"b":{},"all":true},"/home/shalke/projects/blog/src/api/socket/validators/idPayloadSchema.js":{"path":"/home/shalke/projects/blog/src/api/socket/validators/idPayloadSchema.js","statementMap":{"0":{"start":{"line":3,"column":24},"end":{"line":5,"column":2}}},"fnMap":{},"branchMap":{},"s":{"0":0},"f":{},"b":{},"all":true},"/home/shalke/projects/blog/src/api/socket/validators/paginationQueryValidatorSchema.js":{"path":"/home/shalke/projects/blog/src/api/socket/validators/paginationQueryValidatorSchema.js","statementMap":{"0":{"start":{"line":4,"column":30},"end":{"line":7,"column":46}}},"fnMap":{},"branchMap":{},"s":{"0":0},"f":{},"b":{},"all":true},"/home/shalke/projects/blog/src/api/socket/validators/postIdCommentIdPayloadSchema.js":{"path":"/home/shalke/projects/blog/src/api/socket/validators/postIdCommentIdPayloadSchema.js","statementMap":{"0":{"start":{"line":3,"column":37},"end":{"line":6,"column":2}}},"fnMap":{},"branchMap":{},"s":{"0":0},"f":{},"b":{},"all":true},"/home/shalke/projects/blog/src/api/socket/validators/postValidatorSchema.js":{"path":"/home/shalke/projects/blog/src/api/socket/validators/postValidatorSchema.js","statementMap":{"0":{"start":{"line":4,"column":19},"end":{"line":17,"column":2}}},"fnMap":{},"branchMap":{},"s":{"0":0},"f":{},"b":{},"all":true},"/home/shalke/projects/blog/src/api/socket/validators/updateCommentPayloadSchema.js":{"path":"/home/shalke/projects/blog/src/api/socket/validators/updateCommentPayloadSchema.js","statementMap":{"0":{"start":{"line":4,"column":32},"end":{"line":8,"column":2}}},"fnMap":{},"branchMap":{},"s":{"0":0},"f":{},"b":{},"all":true},"/home/shalke/projects/blog/src/api/socket/validators/updatePostPayloadSchema.js":{"path":"/home/shalke/projects/blog/src/api/socket/validators/updatePostPayloadSchema.js","statementMap":{"0":{"start":{"line":4,"column":32},"end":{"line":7,"column":2}}},"fnMap":{},"branchMap":{},"s":{"0":0},"f":{},"b":{},"all":true},"/home/shalke/projects/blog/src/app.js":{"path":"/home/shalke/projects/blog/src/app.js","statementMap":{"0":{"start":{"line":5,"column":12},"end":{"line":5,"column":21}},"1":{"start":{"line":6,"column":0},"end":{"line":6,"column":24}},"2":{"start":{"line":8,"column":0},"end":{"line":8,"column":23}},"3":{"start":{"line":11,"column":0},"end":{"line":11,"column":22}}},"fnMap":{},"branchMap":{},"s":{"0":0,"1":0,"2":0,"3":0},"f":{},"b":{},"all":true},"/home/shalke/projects/blog/src/createServer.js":{"path":"/home/shalke/projects/blog/src/createServer.js","statementMap":{"0":{"start":{"line":7,"column":19},"end":{"line":7,"column":41}},"1":{"start":{"line":8,"column":15},"end":{"line":10,"column":6}},"2":{"start":{"line":13,"column":4},"end":{"line":13,"column":18}},"3":{"start":{"line":15,"column":4},"end":{"line":15,"column":26}}},"fnMap":{"0":{"name":"createServer","decl":{"start":{"line":6,"column":9},"end":{"line":6,"column":21}},"loc":{"start":{"line":6,"column":24},"end":{"line":16,"column":1}},"line":6}},"branchMap":{},"s":{"0":0,"1":0,"2":0,"3":0},"f":{"0":0},"b":{},"all":true},"/home/shalke/projects/blog/src/domain/errors/BadRequestError.js":{"path":"/home/shalke/projects/blog/src/domain/errors/BadRequestError.js","statementMap":{"0":{"start":{"line":3,"column":8},"end":{"line":3,"column":23}},"1":{"start":{"line":4,"column":8},"end":{"line":4,"column":38}},"2":{"start":{"line":5,"column":8},"end":{"line":5,"column":26}},"3":{"start":{"line":6,"column":8},"end":{"line":6,"column":48}}},"fnMap":{"0":{"name":"(anonymous_0)","decl":{"start":{"line":2,"column":4},"end":{"line":2,"column":5}},"loc":{"start":{"line":2,"column":25},"end":{"line":7,"column":5}},"line":2}},"branchMap":{"0":{"loc":{"start":{"line":6,"column":23},"end":{"line":6,"column":47}},"type":"binary-expr","locations":[{"start":{"line":6,"column":23},"end":{"line":6,"column":30}},{"start":{"line":6,"column":34},"end":{"line":6,"column":47}}],"line":6}},"s":{"0":0,"1":0,"2":0,"3":0},"f":{"0":0},"b":{"0":[0,0]},"all":true},"/home/shalke/projects/blog/src/domain/errors/ConflictError.js":{"path":"/home/shalke/projects/blog/src/domain/errors/ConflictError.js","statementMap":{"0":{"start":{"line":3,"column":8},"end":{"line":3,"column":23}},"1":{"start":{"line":4,"column":8},"end":{"line":4,"column":36}},"2":{"start":{"line":5,"column":8},"end":{"line":5,"column":26}}},"fnMap":{"0":{"name":"(anonymous_0)","decl":{"start":{"line":2,"column":4},"end":{"line":2,"column":5}},"loc":{"start":{"line":2,"column":25},"end":{"line":6,"column":5}},"line":2}},"branchMap":{},"s":{"0":0,"1":0,"2":0},"f":{"0":0},"b":{},"all":true},"/home/shalke/projects/blog/src/domain/errors/NotFoundError.js":{"path":"/home/shalke/projects/blog/src/domain/errors/NotFoundError.js","statementMap":{"0":{"start":{"line":3,"column":8},"end":{"line":3,"column":23}},"1":{"start":{"line":4,"column":8},"end":{"line":4,"column":36}},"2":{"start":{"line":5,"column":8},"end":{"line":5,"column":26}},"3":{"start":{"line":6,"column":8},"end":{"line":6,"column":55}}},"fnMap":{"0":{"name":"(anonymous_0)","decl":{"start":{"line":2,"column":4},"end":{"line":2,"column":5}},"loc":{"start":{"line":2,"column":25},"end":{"line":7,"column":5}},"line":2}},"branchMap":{"0":{"loc":{"start":{"line":6,"column":23},"end":{"line":6,"column":54}},"type":"binary-expr","locations":[{"start":{"line":6,"column":23},"end":{"line":6,"column":30}},{"start":{"line":6,"column":34},"end":{"line":6,"column":54}}],"line":6}},"s":{"0":0,"1":0,"2":0,"3":0},"f":{"0":0},"b":{"0":[0,0]},"all":true},"/home/shalke/projects/blog/src/domain/errors/UnauthorizedError.js":{"path":"/home/shalke/projects/blog/src/domain/errors/UnauthorizedError.js","statementMap":{"0":{"start":{"line":3,"column":8},"end":{"line":3,"column":23}},"1":{"start":{"line":4,"column":8},"end":{"line":4,"column":40}},"2":{"start":{"line":5,"column":8},"end":{"line":5,"column":26}},"3":{"start":{"line":6,"column":8},"end":{"line":6,"column":63}}},"fnMap":{"0":{"name":"(anonymous_0)","decl":{"start":{"line":2,"column":4},"end":{"line":2,"column":5}},"loc":{"start":{"line":2,"column":25},"end":{"line":7,"column":5}},"line":2}},"branchMap":{"0":{"loc":{"start":{"line":6,"column":23},"end":{"line":6,"column":62}},"type":"binary-expr","locations":[{"start":{"line":6,"column":23},"end":{"line":6,"column":30}},{"start":{"line":6,"column":33},"end":{"line":6,"column":62}}],"line":6}},"s":{"0":0,"1":0,"2":0,"3":0},"f":{"0":0},"b":{"0":[0,0]},"all":true},"/home/shalke/projects/blog/src/domain/repository/PostRepository.js":{"path":"/home/shalke/projects/blog/src/domain/repository/PostRepository.js","statementMap":{"0":{"start":{"line":6,"column":8},"end":{"line":6,"column":54}},"1":{"start":{"line":7,"column":8},"end":{"line":13,"column":9}},"2":{"start":{"line":8,"column":25},"end":{"line":8,"column":53}},"3":{"start":{"line":9,"column":12},"end":{"line":9,"column":35}},"4":{"start":{"line":11,"column":12},"end":{"line":11,"column":57}},"5":{"start":{"line":12,"column":12},"end":{"line":12,"column":24}},"6":{"start":{"line":17,"column":8},"end":{"line":17,"column":54}},"7":{"start":{"line":18,"column":8},"end":{"line":24,"column":9}},"8":{"start":{"line":19,"column":25},"end":{"line":19,"column":112}},"9":{"start":{"line":20,"column":12},"end":{"line":20,"column":35}},"10":{"start":{"line":22,"column":12},"end":{"line":22,"column":57}},"11":{"start":{"line":23,"column":12},"end":{"line":23,"column":24}},"12":{"start":{"line":28,"column":8},"end":{"line":28,"column":58}},"13":{"start":{"line":29,"column":8},"end":{"line":39,"column":9}},"14":{"start":{"line":30,"column":25},"end":{"line":30,"column":90}},"15":{"start":{"line":31,"column":12},"end":{"line":31,"column":47}},"16":{"start":{"line":32,"column":12},"end":{"line":34,"column":13}},"17":{"start":{"line":33,"column":16},"end":{"line":33,"column":28}},"18":{"start":{"line":35,"column":12},"end":{"line":35,"column":35}},"19":{"start":{"line":37,"column":12},"end":{"line":37,"column":57}},"20":{"start":{"line":38,"column":12},"end":{"line":38,"column":24}},"21":{"start":{"line":43,"column":8},"end":{"line":52,"column":9}},"22":{"start":{"line":44,"column":25},"end":{"line":44,"column":65}},"23":{"start":{"line":45,"column":12},"end":{"line":47,"column":13}},"24":{"start":{"line":46,"column":16},"end":{"line":46,"column":28}},"25":{"start":{"line":48,"column":12},"end":{"line":48,"column":35}},"26":{"start":{"line":50,"column":12},"end":{"line":50,"column":65}},"27":{"start":{"line":51,"column":12},"end":{"line":51,"column":24}},"28":{"start":{"line":56,"column":21},"end":{"line":56,"column":39}},"29":{"start":{"line":57,"column":8},"end":{"line":67,"column":9}},"30":{"start":{"line":58,"column":26},"end":{"line":61,"column":23}},"31":{"start":{"line":62,"column":30},"end":{"line":62,"column":102}},"32":{"start":{"line":63,"column":12},"end":{"line":63,"column":40}},"33":{"start":{"line":65,"column":12},"end":{"line":65,"column":67}},"34":{"start":{"line":66,"column":12},"end":{"line":66,"column":24}},"35":{"start":{"line":71,"column":21},"end":{"line":71,"column":39}},"36":{"start":{"line":72,"column":8},"end":{"line":83,"column":9}},"37":{"start":{"line":73,"column":26},"end":{"line":76,"column":23}},"38":{"start":{"line":78,"column":30},"end":{"line":78,"column":82}},"39":{"start":{"line":79,"column":12},"end":{"line":79,"column":40}},"40":{"start":{"line":81,"column":12},"end":{"line":81,"column":67}},"41":{"start":{"line":82,"column":12},"end":{"line":82,"column":24}},"42":{"start":{"line":87,"column":8},"end":{"line":109,"column":9}},"43":{"start":{"line":88,"column":32},"end":{"line":100,"column":13}},"44":{"start":{"line":101,"column":12},"end":{"line":103,"column":13}},"45":{"start":{"line":102,"column":16},"end":{"line":102,"column":28}},"46":{"start":{"line":104,"column":12},"end":{"line":104,"column":74}},"47":{"start":{"line":105,"column":12},"end":{"line":105,"column":42}},"48":{"start":{"line":107,"column":12},"end":{"line":107,"column":66}},"49":{"start":{"line":108,"column":12},"end":{"line":108,"column":24}},"50":{"start":{"line":113,"column":8},"end":{"line":132,"column":9}},"51":{"start":{"line":114,"column":32},"end":{"line":123,"column":13}},"52":{"start":{"line":124,"column":12},"end":{"line":126,"column":13}},"53":{"start":{"line":125,"column":16},"end":{"line":125,"column":28}},"54":{"start":{"line":127,"column":12},"end":{"line":127,"column":76}},"55":{"start":{"line":128,"column":12},"end":{"line":128,"column":42}},"56":{"start":{"line":130,"column":12},"end":{"line":130,"column":68}},"57":{"start":{"line":131,"column":12},"end":{"line":131,"column":24}},"58":{"start":{"line":136,"column":8},"end":{"line":154,"column":9}},"59":{"start":{"line":137,"column":32},"end":{"line":145,"column":13}},"60":{"start":{"line":146,"column":12},"end":{"line":148,"column":13}},"61":{"start":{"line":147,"column":16},"end":{"line":147,"column":28}},"62":{"start":{"line":149,"column":12},"end":{"line":149,"column":78}},"63":{"start":{"line":150,"column":12},"end":{"line":150,"column":42}},"64":{"start":{"line":152,"column":12},"end":{"line":152,"column":70}},"65":{"start":{"line":153,"column":12},"end":{"line":153,"column":24}},"66":{"start":{"line":158,"column":23},"end":{"line":162,"column":9}},"67":{"start":{"line":163,"column":8},"end":{"line":163,"column":22}},"68":{"start":{"line":167,"column":23},"end":{"line":171,"column":9}},"69":{"start":{"line":172,"column":8},"end":{"line":172,"column":22}}},"fnMap":{"0":{"name":"(anonymous_0)","decl":{"start":{"line":5,"column":4},"end":{"line":5,"column":5}},"loc":{"start":{"line":5,"column":27},"end":{"line":14,"column":5}},"line":5},"1":{"name":"(anonymous_1)","decl":{"start":{"line":16,"column":4},"end":{"line":16,"column":5}},"loc":{"start":{"line":16,"column":43},"end":{"line":25,"column":5}},"line":16},"2":{"name":"(anonymous_2)","decl":{"start":{"line":27,"column":4},"end":{"line":27,"column":5}},"loc":{"start":{"line":27,"column":37},"end":{"line":40,"column":5}},"line":27},"3":{"name":"(anonymous_3)","decl":{"start":{"line":42,"column":4},"end":{"line":42,"column":5}},"loc":{"start":{"line":42,"column":30},"end":{"line":53,"column":5}},"line":42},"4":{"name":"(anonymous_4)","decl":{"start":{"line":55,"column":4},"end":{"line":55,"column":5}},"loc":{"start":{"line":55,"column":44},"end":{"line":68,"column":5}},"line":55},"5":{"name":"(anonymous_5)","decl":{"start":{"line":70,"column":4},"end":{"line":70,"column":5}},"loc":{"start":{"line":70,"column":50},"end":{"line":84,"column":5}},"line":70},"6":{"name":"(anonymous_6)","decl":{"start":{"line":86,"column":4},"end":{"line":86,"column":5}},"loc":{"start":{"line":86,"column":42},"end":{"line":110,"column":5}},"line":86},"7":{"name":"(anonymous_7)","decl":{"start":{"line":112,"column":4},"end":{"line":112,"column":5}},"loc":{"start":{"line":112,"column":64},"end":{"line":133,"column":5}},"line":112},"8":{"name":"(anonymous_8)","decl":{"start":{"line":135,"column":4},"end":{"line":135,"column":5}},"loc":{"start":{"line":135,"column":51},"end":{"line":155,"column":5}},"line":135},"9":{"name":"(anonymous_9)","decl":{"start":{"line":157,"column":4},"end":{"line":157,"column":5}},"loc":{"start":{"line":157,"column":34},"end":{"line":164,"column":5}},"line":157},"10":{"name":"(anonymous_10)","decl":{"start":{"line":166,"column":4},"end":{"line":166,"column":5}},"loc":{"start":{"line":166,"column":37},"end":{"line":173,"column":5}},"line":166}},"branchMap":{"0":{"loc":{"start":{"line":32,"column":12},"end":{"line":34,"column":13}},"type":"if","locations":[{"start":{"line":32,"column":12},"end":{"line":34,"column":13}},{"start":{},"end":{}}],"line":32},"1":{"loc":{"start":{"line":45,"column":12},"end":{"line":47,"column":13}},"type":"if","locations":[{"start":{"line":45,"column":12},"end":{"line":47,"column":13}},{"start":{},"end":{}}],"line":45},"2":{"loc":{"start":{"line":101,"column":12},"end":{"line":103,"column":13}},"type":"if","locations":[{"start":{"line":101,"column":12},"end":{"line":103,"column":13}},{"start":{},"end":{}}],"line":101},"3":{"loc":{"start":{"line":124,"column":12},"end":{"line":126,"column":13}},"type":"if","locations":[{"start":{"line":124,"column":12},"end":{"line":126,"column":13}},{"start":{},"end":{}}],"line":124},"4":{"loc":{"start":{"line":146,"column":12},"end":{"line":148,"column":13}},"type":"if","locations":[{"start":{"line":146,"column":12},"end":{"line":148,"column":13}},{"start":{},"end":{}}],"line":146}},"s":{"0":0,"1":0,"2":0,"3":0,"4":0,"5":0,"6":0,"7":0,"8":0,"9":0,"10":0,"11":0,"12":0,"13":0,"14":0,"15":0,"16":0,"17":0,"18":0,"19":0,"20":0,"21":0,"22":0,"23":0,"24":0,"25":0,"26":0,"27":0,"28":0,"29":0,"30":0,"31":0,"32":0,"33":0,"34":0,"35":0,"36":0,"37":0,"38":0,"39":0,"40":0,"41":0,"42":0,"43":0,"44":0,"45":0,"46":0,"47":0,"48":0,"49":0,"50":0,"51":0,"52":0,"53":0,"54":0,"55":0,"56":0,"57":0,"58":0,"59":0,"60":0,"61":0,"62":0,"63":0,"64":0,"65":0,"66":0,"67":0,"68":0,"69":0},"f":{"0":0,"1":0,"2":0,"3":0,"4":0,"5":0,"6":0,"7":0,"8":0,"9":0,"10":0},"b":{"0":[0,0],"1":[0,0],"2":[0,0],"3":[0,0],"4":[0,0]},"all":true},"/home/shalke/projects/blog/src/domain/repository/TagRepository.js":{"path":"/home/shalke/projects/blog/src/domain/repository/TagRepository.js","statementMap":{"0":{"start":{"line":5,"column":8},"end":{"line":5,"column":54}},"1":{"start":{"line":6,"column":8},"end":{"line":16,"column":9}},"2":{"start":{"line":7,"column":27},"end":{"line":9,"column":13}},"3":{"start":{"line":8,"column":33},"end":{"line":8,"column":46}},"4":{"start":{"line":11,"column":12},"end":{"line":11,"column":49}},"5":{"start":{"line":12,"column":12},"end":{"line":12,"column":53}},"6":{"start":{"line":12,"column":37},"end":{"line":12,"column":51}},"7":{"start":{"line":14,"column":12},"end":{"line":14,"column":56}},"8":{"start":{"line":15,"column":12},"end":{"line":15,"column":24}},"9":{"start":{"line":20,"column":8},"end":{"line":26,"column":9}},"10":{"start":{"line":21,"column":25},"end":{"line":21,"column":70}},"11":{"start":{"line":22,"column":12},"end":{"line":22,"column":51}},"12":{"start":{"line":22,"column":35},"end":{"line":22,"column":49}},"13":{"start":{"line":24,"column":12},"end":{"line":24,"column":66}},"14":{"start":{"line":25,"column":12},"end":{"line":25,"column":24}}},"fnMap":{"0":{"name":"(anonymous_0)","decl":{"start":{"line":4,"column":4},"end":{"line":4,"column":5}},"loc":{"start":{"line":4,"column":31},"end":{"line":17,"column":5}},"line":4},"1":{"name":"(anonymous_1)","decl":{"start":{"line":8,"column":25},"end":{"line":8,"column":26}},"loc":{"start":{"line":8,"column":33},"end":{"line":8,"column":46}},"line":8},"2":{"name":"(anonymous_2)","decl":{"start":{"line":12,"column":30},"end":{"line":12,"column":31}},"loc":{"start":{"line":12,"column":37},"end":{"line":12,"column":51}},"line":12},"3":{"name":"(anonymous_3)","decl":{"start":{"line":19,"column":4},"end":{"line":19,"column":5}},"loc":{"start":{"line":19,"column":31},"end":{"line":27,"column":5}},"line":19},"4":{"name":"(anonymous_4)","decl":{"start":{"line":22,"column":28},"end":{"line":22,"column":29}},"loc":{"start":{"line":22,"column":35},"end":{"line":22,"column":49}},"line":22}},"branchMap":{},"s":{"0":0,"1":0,"2":0,"3":0,"4":0,"5":0,"6":0,"7":0,"8":0,"9":0,"10":0,"11":0,"12":0,"13":0,"14":0},"f":{"0":0,"1":0,"2":0,"3":0,"4":0},"b":{},"all":true},"/home/shalke/projects/blog/src/domain/repository/UserRepository.js":{"path":"/home/shalke/projects/blog/src/domain/repository/UserRepository.js","statementMap":{"0":{"start":{"line":5,"column":8},"end":{"line":5,"column":54}},"1":{"start":{"line":6,"column":8},"end":{"line":13,"column":9}},"2":{"start":{"line":7,"column":25},"end":{"line":7,"column":53}},"3":{"start":{"line":8,"column":12},"end":{"line":8,"column":47}},"4":{"start":{"line":9,"column":12},"end":{"line":9,"column":35}},"5":{"start":{"line":11,"column":12},"end":{"line":11,"column":57}},"6":{"start":{"line":12,"column":12},"end":{"line":12,"column":24}},"7":{"start":{"line":17,"column":8},"end":{"line":17,"column":55}},"8":{"start":{"line":18,"column":8},"end":{"line":24,"column":9}},"9":{"start":{"line":19,"column":25},"end":{"line":19,"column":55}},"10":{"start":{"line":20,"column":12},"end":{"line":20,"column":49}},"11":{"start":{"line":22,"column":12},"end":{"line":22,"column":57}},"12":{"start":{"line":23,"column":12},"end":{"line":23,"column":24}},"13":{"start":{"line":30,"column":8},"end":{"line":30,"column":83}},"14":{"start":{"line":31,"column":8},"end":{"line":40,"column":9}},"15":{"start":{"line":32,"column":25},"end":{"line":32,"column":100}},"16":{"start":{"line":33,"column":12},"end":{"line":35,"column":13}},"17":{"start":{"line":34,"column":16},"end":{"line":34,"column":28}},"18":{"start":{"line":36,"column":12},"end":{"line":36,"column":35}},"19":{"start":{"line":38,"column":12},"end":{"line":38,"column":57}},"20":{"start":{"line":39,"column":12},"end":{"line":39,"column":24}},"21":{"start":{"line":46,"column":8},"end":{"line":56,"column":9}},"22":{"start":{"line":47,"column":12},"end":{"line":47,"column":71}},"23":{"start":{"line":48,"column":25},"end":{"line":48,"column":108}},"24":{"start":{"line":49,"column":12},"end":{"line":51,"column":13}},"25":{"start":{"line":50,"column":16},"end":{"line":50,"column":28}},"26":{"start":{"line":52,"column":12},"end":{"line":52,"column":35}},"27":{"start":{"line":54,"column":12},"end":{"line":54,"column":57}},"28":{"start":{"line":55,"column":12},"end":{"line":55,"column":24}},"29":{"start":{"line":60,"column":8},"end":{"line":70,"column":9}},"30":{"start":{"line":61,"column":12},"end":{"line":61,"column":86}},"31":{"start":{"line":62,"column":25},"end":{"line":62,"column":144}},"32":{"start":{"line":63,"column":12},"end":{"line":65,"column":13}},"33":{"start":{"line":64,"column":16},"end":{"line":64,"column":28}},"34":{"start":{"line":66,"column":12},"end":{"line":66,"column":35}},"35":{"start":{"line":68,"column":12},"end":{"line":68,"column":57}},"36":{"start":{"line":69,"column":12},"end":{"line":69,"column":24}},"37":{"start":{"line":74,"column":8},"end":{"line":74,"column":89}},"38":{"start":{"line":75,"column":8},"end":{"line":88,"column":9}},"39":{"start":{"line":76,"column":27},"end":{"line":80,"column":13}},"40":{"start":{"line":81,"column":12},"end":{"line":83,"column":13}},"41":{"start":{"line":82,"column":16},"end":{"line":82,"column":28}},"42":{"start":{"line":84,"column":12},"end":{"line":84,"column":37}},"43":{"start":{"line":86,"column":12},"end":{"line":86,"column":63}},"44":{"start":{"line":87,"column":12},"end":{"line":87,"column":24}}},"fnMap":{"0":{"name":"(anonymous_0)","decl":{"start":{"line":4,"column":4},"end":{"line":4,"column":5}},"loc":{"start":{"line":4,"column":27},"end":{"line":14,"column":5}},"line":4},"1":{"name":"(anonymous_1)","decl":{"start":{"line":16,"column":4},"end":{"line":16,"column":5}},"loc":{"start":{"line":16,"column":28},"end":{"line":25,"column":5}},"line":16},"2":{"name":"(anonymous_2)","decl":{"start":{"line":29,"column":4},"end":{"line":29,"column":5}},"loc":{"start":{"line":29,"column":45},"end":{"line":41,"column":5}},"line":29},"3":{"name":"(anonymous_3)","decl":{"start":{"line":45,"column":4},"end":{"line":45,"column":5}},"loc":{"start":{"line":45,"column":51},"end":{"line":57,"column":5}},"line":45},"4":{"name":"(anonymous_4)","decl":{"start":{"line":59,"column":4},"end":{"line":59,"column":5}},"loc":{"start":{"line":59,"column":65},"end":{"line":71,"column":5}},"line":59},"5":{"name":"(anonymous_5)","decl":{"start":{"line":73,"column":4},"end":{"line":73,"column":5}},"loc":{"start":{"line":73,"column":52},"end":{"line":89,"column":5}},"line":73}},"branchMap":{"0":{"loc":{"start":{"line":20,"column":19},"end":{"line":20,"column":48}},"type":"cond-expr","locations":[{"start":{"line":20,"column":26},"end":{"line":20,"column":41}},{"start":{"line":20,"column":44},"end":{"line":20,"column":48}}],"line":20},"1":{"loc":{"start":{"line":33,"column":12},"end":{"line":35,"column":13}},"type":"if","locations":[{"start":{"line":33,"column":12},"end":{"line":35,"column":13}},{"start":{},"end":{}}],"line":33},"2":{"loc":{"start":{"line":49,"column":12},"end":{"line":51,"column":13}},"type":"if","locations":[{"start":{"line":49,"column":12},"end":{"line":51,"column":13}},{"start":{},"end":{}}],"line":49},"3":{"loc":{"start":{"line":63,"column":12},"end":{"line":65,"column":13}},"type":"if","locations":[{"start":{"line":63,"column":12},"end":{"line":65,"column":13}},{"start":{},"end":{}}],"line":63},"4":{"loc":{"start":{"line":81,"column":12},"end":{"line":83,"column":13}},"type":"if","locations":[{"start":{"line":81,"column":12},"end":{"line":83,"column":13}},{"start":{},"end":{}}],"line":81}},"s":{"0":0,"1":0,"2":0,"3":0,"4":0,"5":0,"6":0,"7":0,"8":0,"9":0,"10":0,"11":0,"12":0,"13":0,"14":0,"15":0,"16":0,"17":0,"18":0,"19":0,"20":0,"21":0,"22":0,"23":0,"24":0,"25":0,"26":0,"27":0,"28":0,"29":0,"30":0,"31":0,"32":0,"33":0,"34":0,"35":0,"36":0,"37":0,"38":0,"39":0,"40":0,"41":0,"42":0,"43":0,"44":0},"f":{"0":0,"1":0,"2":0,"3":0,"4":0,"5":0},"b":{"0":[0,0],"1":[0,0],"2":[0,0],"3":[0,0],"4":[0,0]},"all":true},"/home/shalke/projects/blog/src/infrastructure/database/mongoose/db.js":{"path":"/home/shalke/projects/blog/src/infrastructure/database/mongoose/db.js","statementMap":{"0":{"start":{"line":4,"column":2},"end":{"line":11,"column":3}},"1":{"start":{"line":5,"column":4},"end":{"line":5,"column":50}},"2":{"start":{"line":7,"column":4},"end":{"line":7,"column":49}},"3":{"start":{"line":9,"column":4},"end":{"line":9,"column":59}},"4":{"start":{"line":10,"column":4},"end":{"line":10,"column":20}},"5":{"start":{"line":15,"column":0},"end":{"line":17,"column":3}},"6":{"start":{"line":16,"column":2},"end":{"line":16,"column":41}},"7":{"start":{"line":19,"column":0},"end":{"line":21,"column":3}},"8":{"start":{"line":20,"column":2},"end":{"line":20,"column":39}}},"fnMap":{"0":{"name":"connectDB","decl":{"start":{"line":3,"column":22},"end":{"line":3,"column":31}},"loc":{"start":{"line":3,"column":34},"end":{"line":12,"column":1}},"line":3},"1":{"name":"(anonymous_1)","decl":{"start":{"line":15,"column":32},"end":{"line":15,"column":33}},"loc":{"start":{"line":15,"column":39},"end":{"line":17,"column":1}},"line":15},"2":{"name":"(anonymous_2)","decl":{"start":{"line":19,"column":39},"end":{"line":19,"column":40}},"loc":{"start":{"line":19,"column":45},"end":{"line":21,"column":1}},"line":19}},"branchMap":{},"s":{"0":0,"1":0,"2":0,"3":0,"4":0,"5":0,"6":0,"7":0,"8":0},"f":{"0":0,"1":0,"2":0},"b":{},"all":true},"/home/shalke/projects/blog/src/infrastructure/database/mongoose/models/commentModel.js":{"path":"/home/shalke/projects/blog/src/infrastructure/database/mongoose/models/commentModel.js","statementMap":{"0":{"start":{"line":3,"column":22},"end":{"line":23,"column":1}},"1":{"start":{"line":26,"column":21},"end":{"line":26,"column":61}}},"fnMap":{},"branchMap":{},"s":{"0":0,"1":0},"f":{},"b":{},"all":true},"/home/shalke/projects/blog/src/infrastructure/database/mongoose/models/postModel.js":{"path":"/home/shalke/projects/blog/src/infrastructure/database/mongoose/models/postModel.js","statementMap":{"0":{"start":{"line":7,"column":19},"end":{"line":61,"column":1}},"1":{"start":{"line":63,"column":18},"end":{"line":63,"column":52}}},"fnMap":{},"branchMap":{},"s":{"0":0,"1":0},"f":{},"b":{},"all":true},"/home/shalke/projects/blog/src/infrastructure/database/mongoose/models/tagModel.js":{"path":"/home/shalke/projects/blog/src/infrastructure/database/mongoose/models/tagModel.js","statementMap":{"0":{"start":{"line":3,"column":19},"end":{"line":14,"column":1}},"1":{"start":{"line":16,"column":17},"end":{"line":16,"column":50}}},"fnMap":{},"branchMap":{},"s":{"0":0,"1":0},"f":{},"b":{},"all":true},"/home/shalke/projects/blog/src/infrastructure/database/mongoose/models/userModel.js":{"path":"/home/shalke/projects/blog/src/infrastructure/database/mongoose/models/userModel.js","statementMap":{"0":{"start":{"line":3,"column":19},"end":{"line":43,"column":1}},"1":{"start":{"line":45,"column":18},"end":{"line":45,"column":52}}},"fnMap":{},"branchMap":{},"s":{"0":0,"1":0},"f":{},"b":{},"all":true},"/home/shalke/projects/blog/src/infrastructure/email/EmailFactory.js":{"path":"/home/shalke/projects/blog/src/infrastructure/email/EmailFactory.js","statementMap":{"0":{"start":{"line":8,"column":4},"end":{"line":14,"column":5}},"1":{"start":{"line":10,"column":8},"end":{"line":10,"column":51}},"2":{"start":{"line":13,"column":8},"end":{"line":13,"column":67}}},"fnMap":{"0":{"name":"(anonymous_0)","decl":{"start":{"line":7,"column":2},"end":{"line":7,"column":3}},"loc":{"start":{"line":7,"column":30},"end":{"line":15,"column":3}},"line":7}},"branchMap":{"0":{"loc":{"start":{"line":8,"column":4},"end":{"line":14,"column":5}},"type":"switch","locations":[{"start":{"line":9,"column":6},"end":{"line":10,"column":51}},{"start":{"line":12,"column":6},"end":{"line":13,"column":67}}],"line":8}},"s":{"0":0,"1":0,"2":0},"f":{"0":0},"b":{"0":[0,0]},"all":true},"/home/shalke/projects/blog/src/infrastructure/email/EmailService.js":{"path":"/home/shalke/projects/blog/src/infrastructure/email/EmailService.js","statementMap":{"0":{"start":{"line":5,"column":4},"end":{"line":11,"column":7}},"1":{"start":{"line":15,"column":4},"end":{"line":21,"column":7}}},"fnMap":{"0":{"name":"(anonymous_0)","decl":{"start":{"line":4,"column":2},"end":{"line":4,"column":3}},"loc":{"start":{"line":4,"column":22},"end":{"line":12,"column":3}},"line":4},"1":{"name":"(anonymous_1)","decl":{"start":{"line":14,"column":2},"end":{"line":14,"column":3}},"loc":{"start":{"line":14,"column":42},"end":{"line":22,"column":3}},"line":14}},"branchMap":{},"s":{"0":0,"1":0},"f":{"0":0,"1":0},"b":{},"all":true},"/home/shalke/projects/blog/src/infrastructure/security/cryptoUtils.js":{"path":"/home/shalke/projects/blog/src/infrastructure/security/cryptoUtils.js","statementMap":{"0":{"start":{"line":8,"column":8},"end":{"line":8,"column":41}},"1":{"start":{"line":12,"column":8},"end":{"line":12,"column":83}},"2":{"start":{"line":16,"column":8},"end":{"line":16,"column":70}},"3":{"start":{"line":20,"column":25},"end":{"line":20,"column":79}},"4":{"start":{"line":21,"column":8},"end":{"line":21,"column":33}},"5":{"start":{"line":25,"column":8},"end":{"line":25,"column":60}},"6":{"start":{"line":29,"column":8},"end":{"line":29,"column":54}},"7":{"start":{"line":33,"column":8},"end":{"line":33,"column":100}},"8":{"start":{"line":37,"column":8},"end":{"line":37,"column":57}}},"fnMap":{"0":{"name":"(anonymous_0)","decl":{"start":{"line":7,"column":4},"end":{"line":7,"column":5}},"loc":{"start":{"line":7,"column":31},"end":{"line":9,"column":5}},"line":7},"1":{"name":"(anonymous_1)","decl":{"start":{"line":11,"column":4},"end":{"line":11,"column":5}},"loc":{"start":{"line":11,"column":27},"end":{"line":13,"column":5}},"line":11},"2":{"name":"(anonymous_2)","decl":{"start":{"line":15,"column":4},"end":{"line":15,"column":5}},"loc":{"start":{"line":15,"column":19},"end":{"line":17,"column":5}},"line":15},"3":{"name":"(anonymous_3)","decl":{"start":{"line":19,"column":4},"end":{"line":19,"column":5}},"loc":{"start":{"line":19,"column":27},"end":{"line":22,"column":5}},"line":19},"4":{"name":"(anonymous_4)","decl":{"start":{"line":24,"column":4},"end":{"line":24,"column":5}},"loc":{"start":{"line":24,"column":46},"end":{"line":26,"column":5}},"line":24},"5":{"name":"(anonymous_5)","decl":{"start":{"line":28,"column":4},"end":{"line":28,"column":5}},"loc":{"start":{"line":28,"column":26},"end":{"line":30,"column":5}},"line":28},"6":{"name":"(anonymous_6)","decl":{"start":{"line":32,"column":4},"end":{"line":32,"column":5}},"loc":{"start":{"line":32,"column":25},"end":{"line":34,"column":5}},"line":32},"7":{"name":"(anonymous_7)","decl":{"start":{"line":36,"column":4},"end":{"line":36,"column":5}},"loc":{"start":{"line":36,"column":21},"end":{"line":38,"column":5}},"line":36}},"branchMap":{},"s":{"0":0,"1":0,"2":0,"3":0,"4":0,"5":0,"6":0,"7":0,"8":0},"f":{"0":0,"1":0,"2":0,"3":0,"4":0,"5":0,"6":0,"7":0},"b":{},"all":true},"/home/shalke/projects/blog/src/server.js":{"path":"/home/shalke/projects/blog/src/server.js","statementMap":{"0":{"start":{"line":2,"column":0},"end":{"line":2,"column":16}},"1":{"start":{"line":11,"column":0},"end":{"line":11,"column":18}},"2":{"start":{"line":14,"column":23},"end":{"line":14,"column":37}},"3":{"start":{"line":16,"column":13},"end":{"line":16,"column":37}},"4":{"start":{"line":17,"column":0},"end":{"line":19,"column":3}},"5":{"start":{"line":18,"column":4},"end":{"line":18,"column":50}}},"fnMap":{"0":{"name":"(anonymous_0)","decl":{"start":{"line":17,"column":20},"end":{"line":17,"column":21}},"loc":{"start":{"line":17,"column":26},"end":{"line":19,"column":1}},"line":17}},"branchMap":{"0":{"loc":{"start":{"line":16,"column":13},"end":{"line":16,"column":37}},"type":"binary-expr","locations":[{"start":{"line":16,"column":13},"end":{"line":16,"column":29}},{"start":{"line":16,"column":33},"end":{"line":16,"column":37}}],"line":16}},"s":{"0":0,"1":0,"2":0,"3":0,"4":0,"5":0},"f":{"0":0},"b":{"0":[0,0]},"all":true},"/home/shalke/projects/blog/src/services/PostService.js":{"path":"/home/shalke/projects/blog/src/services/PostService.js","statementMap":{"0":{"start":{"line":7,"column":8},"end":{"line":7,"column":29}},"1":{"start":{"line":8,"column":32},"end":{"line":8,"column":36}},"2":{"start":{"line":9,"column":8},"end":{"line":18,"column":9}},"3":{"start":{"line":10,"column":12},"end":{"line":13,"column":13}},"4":{"start":{"line":11,"column":37},"end":{"line":11,"column":80}},"5":{"start":{"line":12,"column":16},"end":{"line":12,"column":41}},"6":{"start":{"line":14,"column":27},"end":{"line":14,"column":64}},"7":{"start":{"line":15,"column":12},"end":{"line":15,"column":26}},"8":{"start":{"line":17,"column":12},"end":{"line":17,"column":24}},"9":{"start":{"line":22,"column":46},"end":{"line":22,"column":50}},"10":{"start":{"line":23,"column":8},"end":{"line":23,"column":29}},"11":{"start":{"line":24,"column":8},"end":{"line":24,"column":35}
[...]
ine":89},"7":{"name":"(anonymous_7)","decl":{"start":{"line":98,"column":4},"end":{"line":98,"column":5}},"loc":{"start":{"line":98,"column":50},"end":{"line":110,"column":5}},"line":98},"8":{"name":"(anonymous_8)","decl":{"start":{"line":112,"column":4},"end":{"line":112,"column":5}},"loc":{"start":{"line":112,"column":64},"end":{"line":123,"column":5}},"line":112},"9":{"name":"(anonymous_9)","decl":{"start":{"line":125,"column":4},"end":{"line":125,"column":5}},"loc":{"start":{"line":125,"column":51},"end":{"line":135,"column":5}},"line":125},"10":{"name":"(anonymous_10)","decl":{"start":{"line":137,"column":4},"end":{"line":137,"column":5}},"loc":{"start":{"line":137,"column":37},"end":{"line":155,"column":5}},"line":137},"11":{"name":"(anonymous_11)","decl":{"start":{"line":143,"column":49},"end":{"line":143,"column":50}},"loc":{"start":{"line":143,"column":55},"end":{"line":143,"column":79}},"line":143}},"branchMap":{"0":{"loc":{"start":{"line":10,"column":12},"end":{"line":13,"column":13}},"type":"if","locations":[{"start":{"line":10,"column":12},"end":{"line":13,"column":13}},{"start":{},"end":{}}],"line":10},"1":{"loc":{"start":{"line":27,"column":12},"end":{"line":29,"column":13}},"type":"if","locations":[{"start":{"line":27,"column":12},"end":{"line":29,"column":13}},{"start":{},"end":{}}],"line":27},"2":{"loc":{"start":{"line":30,"column":12},"end":{"line":32,"column":13}},"type":"if","locations":[{"start":{"line":30,"column":12},"end":{"line":32,"column":13}},{"start":{},"end":{}}],"line":30},"3":{"loc":{"start":{"line":48,"column":12},"end":{"line":50,"column":13}},"type":"if","locations":[{"start":{"line":48,"column":12},"end":{"line":50,"column":13}},{"start":{},"end":{}}],"line":48},"4":{"loc":{"start":{"line":60,"column":8},"end":{"line":62,"column":9}},"type":"if","locations":[{"start":{"line":60,"column":8},"end":{"line":62,"column":9}},{"start":{},"end":{}}],"line":60},"5":{"loc":{"start":{"line":66,"column":8},"end":{"line":68,"column":9}},"type":"if","locations":[{"start":{"line":66,"column":8},"end":{"line":68,"column":9}},{"start":{},"end":{}}],"line":66},"6":{"loc":{"start":{"line":70,"column":8},"end":{"line":75,"column":9}},"type":"if","locations":[{"start":{"line":70,"column":8},"end":{"line":75,"column":9}},{"start":{},"end":{}}],"line":70},"7":{"loc":{"start":{"line":71,"column":12},"end":{"line":73,"column":13}},"type":"if","locations":[{"start":{"line":71,"column":12},"end":{"line":73,"column":13}},{"start":{},"end":{}}],"line":71},"8":{"loc":{"start":{"line":71,"column":16},"end":{"line":71,"column":60}},"type":"binary-expr","locations":[{"start":{"line":71,"column":16},"end":{"line":71,"column":23}},{"start":{"line":71,"column":27},"end":{"line":71,"column":60}}],"line":71},"9":{"loc":{"start":{"line":103,"column":12},"end":{"line":105,"column":13}},"type":"if","locations":[{"start":{"line":103,"column":12},"end":{"line":105,"column":13}},{"start":{},"end":{}}],"line":103},"10":{"loc":{"start":{"line":116,"column":12},"end":{"line":118,"column":13}},"type":"if","locations":[{"start":{"line":116,"column":12},"end":{"line":118,"column":13}},{"start":{},"end":{}}],"line":116},"11":{"loc":{"start":{"line":128,"column":12},"end":{"line":130,"column":13}},"type":"if","locations":[{"start":{"line":128,"column":12},"end":{"line":130,"column":13}},{"start":{},"end":{}}],"line":128},"12":{"loc":{"start":{"line":140,"column":12},"end":{"line":142,"column":13}},"type":"if","locations":[{"start":{"line":140,"column":12},"end":{"line":142,"column":13}},{"start":{},"end":{}}],"line":140},"13":{"loc":{"start":{"line":140,"column":16},"end":{"line":140,"column":52}},"type":"binary-expr","locations":[{"start":{"line":140,"column":16},"end":{"line":140,"column":21}},{"start":{"line":140,"column":25},"end":{"line":140,"column":52}}],"line":140},"14":{"loc":{"start":{"line":144,"column":12},"end":{"line":151,"column":13}},"type":"if","locations":[{"start":{"line":144,"column":12},"end":{"line":151,"column":13}},{"start":{"line":147,"column":19},"end":{"line":151,"column":13}}],"line":144}},"s":{"0":0,"1":0,"2":0,"3":0,"4":0,"5":0,"6":0,"7":0,"8":0,"9":0,"10":0,"11":0,"12":0,"13":0,"14":0,"15":0,"16":0,"17":0,"18":0,"19":0,"20":0,"21":0,"22":0,"23":0,"24":0,"25":0,"26":0,"27":0,"28":0,"29":0,"30":0,"31":0,"32":0,"33":0,"34":0,"35":0,"36":0,"37":0,"38":0,"39":0,"40":0,"41":0,"42":0,"43":0,"44":0,"45":0,"46":0,"47":0,"48":0,"49":0,"50":0,"51":0,"52":0,"53":0,"54":0,"55":0,"56":0,"57":0,"58":0,"59":0,"60":0,"61":0,"62":0,"63":0,"64":0,"65":0,"66":0,"67":0,"68":0,"69":0,"70":0,"71":0,"72":0,"73":0,"74":0,"75":0,"76":0,"77":0,"78":0,"79":0,"80":0,"81":0,"82":0},"f":{"0":0,"1":0,"2":0,"3":0,"4":0,"5":0,"6":0,"7":0,"8":0,"9":0,"10":0,"11":0},"b":{"0":[0,0],"1":[0,0],"2":[0,0],"3":[0,0],"4":[0,0],"5":[0,0],"6":[0,0],"7":[0,0],"8":[0,0],"9":[0,0],"10":[0,0],"11":[0,0],"12":[0,0],"13":[0,0],"14":[0,0]},"all":true},"/home/shalke/projects/blog/src/services/TagService.js":{"path":"/home/shalke/projects/blog/src/services/TagService.js","statementMap":{"0":{"start":{"line":5,"column":23},"end":{"line":5,"column":74}},"1":{"start":{"line":5,"column":49},"end":{"line":5,"column":71}},"2":{"start":{"line":6,"column":26},"end":{"line":6,"column":68}},"3":{"start":{"line":7,"column":8},"end":{"line":7,"column":45}},"4":{"start":{"line":7,"column":36},"end":{"line":7,"column":43}},"5":{"start":{"line":11,"column":23},"end":{"line":11,"column":81}},"6":{"start":{"line":11,"column":56},"end":{"line":11,"column":78}},"7":{"start":{"line":12,"column":28},"end":{"line":12,"column":72}},"8":{"start":{"line":13,"column":28},"end":{"line":13,"column":60}},"9":{"start":{"line":13,"column":51},"end":{"line":13,"column":59}},"10":{"start":{"line":14,"column":30},"end":{"line":14,"column":86}},"11":{"start":{"line":14,"column":55},"end":{"line":14,"column":85}},"12":{"start":{"line":15,"column":26},"end":{"line":15,"column":107}},"13":{"start":{"line":16,"column":24},"end":{"line":16,"column":54}},"14":{"start":{"line":17,"column":29},"end":{"line":17,"column":77}},"15":{"start":{"line":17,"column":51},"end":{"line":17,"column":76}},"16":{"start":{"line":18,"column":8},"end":{"line":18,"column":48}},"17":{"start":{"line":18,"column":39},"end":{"line":18,"column":46}},"18":{"start":{"line":22,"column":8},"end":{"line":22,"column":56}}},"fnMap":{"0":{"name":"(anonymous_0)","decl":{"start":{"line":4,"column":4},"end":{"line":4,"column":5}},"loc":{"start":{"line":4,"column":37},"end":{"line":8,"column":5}},"line":4},"1":{"name":"(anonymous_1)","decl":{"start":{"line":5,"column":44},"end":{"line":5,"column":45}},"loc":{"start":{"line":5,"column":49},"end":{"line":5,"column":71}},"line":5},"2":{"name":"(anonymous_2)","decl":{"start":{"line":7,"column":29},"end":{"line":7,"column":30}},"loc":{"start":{"line":7,"column":36},"end":{"line":7,"column":43}},"line":7},"3":{"name":"(anonymous_3)","decl":{"start":{"line":10,"column":4},"end":{"line":10,"column":5}},"loc":{"start":{"line":10,"column":46},"end":{"line":19,"column":5}},"line":10},"4":{"name":"(anonymous_4)","decl":{"start":{"line":11,"column":51},"end":{"line":11,"column":52}},"loc":{"start":{"line":11,"column":56},"end":{"line":11,"column":78}},"line":11},"5":{"name":"(anonymous_5)","decl":{"start":{"line":13,"column":44},"end":{"line":13,"column":45}},"loc":{"start":{"line":13,"column":51},"end":{"line":13,"column":59}},"line":13},"6":{"name":"(anonymous_6)","decl":{"start":{"line":14,"column":44},"end":{"line":14,"column":45}},"loc":{"start":{"line":14,"column":55},"end":{"line":14,"column":85}},"line":14},"7":{"name":"(anonymous_7)","decl":{"start":{"line":17,"column":44},"end":{"line":17,"column":45}},"loc":{"start":{"line":17,"column":51},"end":{"line":17,"column":76}},"line":17},"8":{"name":"(anonymous_8)","decl":{"start":{"line":18,"column":32},"end":{"line":18,"column":33}},"loc":{"start":{"line":18,"column":39},"end":{"line":18,"column":46}},"line":18},"9":{"name":"(anonymous_9)","decl":{"start":{"line":21,"column":4},"end":{"line":21,"column":5}},"loc":{"start":{"line":21,"column":31},"end":{"line":23,"column":5}},"line":21}},"branchMap":{"0":{"loc":{"start":{"line":15,"column":26},"end":{"line":15,"column":107}},"type":"cond-expr","locations":[{"start":{"line":15,"column":53},"end":{"line":15,"column":102}},{"start":{"line":15,"column":105},"end":{"line":15,"column":107}}],"line":15}},"s":{"0":0,"1":0,"2":0,"3":0,"4":0,"5":0,"6":0,"7":0,"8":0,"9":0,"10":0,"11":0,"12":0,"13":0,"14":0,"15":0,"16":0,"17":0,"18":0},"f":{"0":0,"1":0,"2":0,"3":0,"4":0,"5":0,"6":0,"7":0,"8":0,"9":0},"b":{"0":[0,0]},"all":true},"/home/shalke/projects/blog/src/services/UserService.js":{"path":"/home/shalke/projects/blog/src/services/UserService.js","statementMap":{"0":{"start":{"line":13,"column":8},"end":{"line":13,"column":61}},"1":{"start":{"line":14,"column":46},"end":{"line":14,"column":50}},"2":{"start":{"line":15,"column":31},"end":{"line":15,"column":65}},"3":{"start":{"line":16,"column":8},"end":{"line":28,"column":9}},"4":{"start":{"line":17,"column":27},"end":{"line":21,"column":14}},"5":{"start":{"line":22,"column":12},"end":{"line":22,"column":26}},"6":{"start":{"line":24,"column":12},"end":{"line":26,"column":13}},"7":{"start":{"line":25,"column":16},"end":{"line":25,"column":76}},"8":{"start":{"line":27,"column":12},"end":{"line":27,"column":24}},"9":{"start":{"line":32,"column":8},"end":{"line":32,"column":54}},"10":{"start":{"line":33,"column":36},"end":{"line":33,"column":40}},"11":{"start":{"line":34,"column":21},"end":{"line":34,"column":63}},"12":{"start":{"line":35,"column":8},"end":{"line":37,"column":9}},"13":{"start":{"line":36,"column":12},"end":{"line":36,"column":71}},"14":{"start":{"line":38,"column":8},"end":{"line":38,"column":41}},"15":{"start":{"line":39,"column":32},"end":{"line":39,"column":90}},"16":{"start":{"line":40,"column":8},"end":{"line":42,"column":9}},"17":{"start":{"line":41,"column":12},"end":{"line":41,"column":71}},"18":{"start":{"line":44,"column":25},"end":{"line":44,"column":70}},"19":{"start":{"line":45,"column":8},"end":{"line":45,"column":54}},"20":{"start":{"line":46,"column":46},"end":{"line":46,"column":50}},"21":{"start":{"line":47,"column":8},"end":{"line":47,"column":36}},"22":{"start":{"line":51,"column":26},"end":{"line":51,"column":30}},"23":{"start":{"line":52,"column":27},"end":{"line":52,"column":60}},"24":{"start":{"line":53,"column":28},"end":{"line":53,"column":60}},"25":{"start":{"line":54,"column":27},"end":{"line":54,"column":72}},"26":{"start":{"line":56,"column":28},"end":{"line":56,"column":96}},"27":{"start":{"line":57,"column":8},"end":{"line":60,"column":9}},"28":{"start":{"line":59,"column":12},"end":{"line":59,"column":62}},"29":{"start":{"line":62,"column":8},"end":{"line":62,"column":80}},"30":{"start":{"line":66,"column":8},"end":{"line":66,"column":75}},"31":{"start":{"line":67,"column":28},"end":{"line":67,"column":60}},"32":{"start":{"line":69,"column":21},"end":{"line":69,"column":94}},"33":{"start":{"line":71,"column":8},"end":{"line":74,"column":9}},"34":{"start":{"line":72,"column":12},"end":{"line":72,"column":83}},"35":{"start":{"line":73,"column":12},"end":{"line":73,"column":74}},"36":{"start":{"line":76,"column":80},"end":{"line":76,"column":84}},"37":{"start":{"line":77,"column":8},"end":{"line":77,"column":24}},"38":{"start":{"line":81,"column":8},"end":{"line":81,"column":75}},"39":{"start":{"line":82,"column":28},"end":{"line":82,"column":60}},"40":{"start":{"line":83,"column":34},"end":{"line":83,"column":76}},"41":{"start":{"line":84,"column":21},"end":{"line":88,"column":10}},"42":{"start":{"line":90,"column":8},"end":{"line":93,"column":9}},"43":{"start":{"line":91,"column":12},"end":{"line":91,"column":83}},"44":{"start":{"line":92,"column":12},"end":{"line":92,"column":74}},"45":{"start":{"line":95,"column":80},"end":{"line":95,"column":84}},"46":{"start":{"line":96,"column":8},"end":{"line":96,"column":24}},"47":{"start":{"line":100,"column":8},"end":{"line":100,"column":63}},"48":{"start":{"line":101,"column":34},"end":{"line":101,"column":76}},"49":{"start":{"line":102,"column":34},"end":{"line":102,"column":76}},"50":{"start":{"line":103,"column":21},"end":{"line":103,"column":67}},"51":{"start":{"line":104,"column":8},"end":{"line":107,"column":9}},"52":{"start":{"line":105,"column":12},"end":{"line":105,"column":63}},"53":{"start":{"line":106,"column":12},"end":{"line":106,"column":54}},"54":{"start":{"line":108,"column":30},"end":{"line":108,"column":96}},"55":{"start":{"line":109,"column":8},"end":{"line":112,"column":9}},"56":{"start":{"line":110,"column":12},"end":{"line":110,"column":75}},"57":{"start":{"line":111,"column":12},"end":{"line":111,"column":67}},"58":{"start":{"line":114,"column":28},"end":{"line":114,"column":110}},"59":{"start":{"line":115,"column":8},"end":{"line":118,"column":9}},"60":{"start":{"line":116,"column":12},"end":{"line":116,"column":73}},"61":{"start":{"line":117,"column":12},"end":{"line":117,"column":57}},"62":{"start":{"line":120,"column":80},"end":{"line":120,"column":84}},"63":{"start":{"line":121,"column":8},"end":{"line":121,"column":24}},"64":{"start":{"line":125,"column":8},"end":{"line":125,"column":63}},"65":{"start":{"line":126,"column":21},"end":{"line":126,"column":93}},"66":{"start":{"line":127,"column":8},"end":{"line":129,"column":9}},"67":{"start":{"line":128,"column":12},"end":{"line":128,"column":54}},"68":{"start":{"line":130,"column":8},"end":{"line":130,"column":41}},"69":{"start":{"line":132,"column":46},"end":{"line":132,"column":50}},"70":{"start":{"line":133,"column":8},"end":{"line":133,"column":24}},"71":{"start":{"line":137,"column":8},"end":{"line":137,"column":61}},"72":{"start":{"line":138,"column":25},"end":{"line":138,"column":38}},"73":{"start":{"line":139,"column":26},"end":{"line":139,"column":62}},"74":{"start":{"line":140,"column":21},"end":{"line":140,"column":90}},"75":{"start":{"line":141,"column":8},"end":{"line":143,"column":9}},"76":{"start":{"line":142,"column":12},"end":{"line":142,"column":54}},"77":{"start":{"line":144,"column":8},"end":{"line":144,"column":41}},"78":{"start":{"line":146,"column":46},"end":{"line":146,"column":50}},"79":{"start":{"line":147,"column":8},"end":{"line":147,"column":24}},"80":{"start":{"line":151,"column":8},"end":{"line":151,"column":59}},"81":{"start":{"line":152,"column":21},"end":{"line":152,"column":85}},"82":{"start":{"line":153,"column":8},"end":{"line":155,"column":9}},"83":{"start":{"line":154,"column":12},"end":{"line":154,"column":54}},"84":{"start":{"line":156,"column":8},"end":{"line":156,"column":41}},"85":{"start":{"line":158,"column":46},"end":{"line":158,"column":50}},"86":{"start":{"line":159,"column":8},"end":{"line":159,"column":24}},"87":{"start":{"line":163,"column":29},"end":{"line":163,"column":70}},"88":{"start":{"line":164,"column":21},"end":{"line":164,"column":130}},"89":{"start":{"line":165,"column":8},"end":{"line":169,"column":11}}},"fnMap":{"0":{"name":"(anonymous_0)","decl":{"start":{"line":12,"column":4},"end":{"line":12,"column":5}},"loc":{"start":{"line":12,"column":25},"end":{"line":29,"column":5}},"line":12},"1":{"name":"(anonymous_1)","decl":{"start":{"line":31,"column":4},"end":{"line":31,"column":5}},"loc":{"start":{"line":31,"column":22},"end":{"line":48,"column":5}},"line":31},"2":{"name":"(anonymous_2)","decl":{"start":{"line":50,"column":4},"end":{"line":50,"column":5}},"loc":{"start":{"line":50,"column":37},"end":{"line":63,"column":5}},"line":50},"3":{"name":"(anonymous_3)","decl":{"start":{"line":65,"column":4},"end":{"line":65,"column":5}},"loc":{"start":{"line":65,"column":37},"end":{"line":78,"column":5}},"line":65},"4":{"name":"(anonymous_4)","decl":{"start":{"line":80,"column":4},"end":{"line":80,"column":5}},"loc":{"start":{"line":80,"column":36},"end":{"line":97,"column":5}},"line":80},"5":{"name":"(anonymous_5)","decl":{"start":{"line":99,"column":4},"end":{"line":99,"column":5}},"loc":{"start":{"line":99,"column":39},"end":{"line":122,"column":5}},"line":99},"6":{"name":"(anonymous_6)","decl":{"start":{"line":124,"column":4},"end":{"line":124,"column":5}},"loc":{"start":{"line":124,"column":39},"end":{"line":134,"column":5}},"line":124},"7":{"name":"(anonymous_7)","decl":{"start":{"line":136,"column":4},"end":{"line":136,"column":5}},"loc":{"start":{"line":136,"column":37},"end":{"line":148,"column":5}},"line":136},"8":{"name":"(anonymous_8)","decl":{"start":{"line":150,"column":4},"end":{"line":150,"column":5}},"loc":{"start":{"line":150,"column":31},"end":{"line":160,"column":5}},"line":150},"9":{"name":"(anonymous_9)","decl":{"start":{"line":162,"column":4},"end":{"line":162,"column":5}},"loc":{"start":{"line":162,"column":44},"end":{"line":170,"column":5}},"line":162}},"branchMap":{"0":{"loc":{"start":{"line":24,"column":12},"end":{"line":26,"column":13}},"type":"if","locations":[{"start":{"line":24,"column":12},"end":{"line":26,"column":13}},{"start":{},"end":{}}],"line":24},"1":{"loc":{"start":{"line":35,"column":8},"end":{"line":37,"column":9}},"type":"if","locations":[{"start":{"line":35,"column":8},"end":{"line":37,"column":9}},{"start":{},"end":{}}],"line":35},"2":{"loc":{"start":{"line":40,"column":8},"end":{"line":42,"column":9}},"type":"if","locations":[{"start":{"line":40,"column":8},"end":{"line":42,"column":9}},{"start":{},"end":{}}],"line":40},"3":{"loc":{"start":{"line":57,"column":8},"end":{"line":60,"column":9}},"type":"if","locations":[{"start":{"line":57,"column":8},"end":{"line":60,"column":9}},{"start":{},"end":{}}],"line":57},"4":{"loc":{"start":{"line":71,"column":8},"end":{"line":74,"column":9}},"type":"if","locations":[{"start":{"line":71,"column":8},"end":{"line":74,"column":9}},{"start":{},"end":{}}],"line":71},"5":{"loc":{"start":{"line":90,"column":8},"end":{"line":93,"column":9}},"type":"if","locations":[{"start":{"line":90,"column":8},"end":{"line":93,"column":9}},{"start":{},"end":{}}],"line":90},"6":{"loc":{"start":{"line":104,"column":8},"end":{"line":107,"column":9}},"type":"if","locations":[{"start":{"line":104,"column":8},"end":{"line":107,"column":9}},{"start":{},"end":{}}],"line":104},"7":{"loc":{"start":{"line":109,"column":8},"end":{"line":112,"column":9}},"type":"if","locations":[{"start":{"line":109,"column":8},"end":{"line":112,"column":9}},{"start":{},"end":{}}],"line":109},"8":{"loc":{"start":{"line":115,"column":8},"end":{"line":118,"column":9}},"type":"if","locations":[{"start":{"line":115,"column":8},"end":{"line":118,"column":9}},{"start":{},"end":{}}],"line":115},"9":{"loc":{"start":{"line":127,"column":8},"end":{"line":129,"column":9}},"type":"if","locations":[{"start":{"line":127,"column":8},"end":{"line":129,"column":9}},{"start":{},"end":{}}],"line":127},"10":{"loc":{"start":{"line":141,"column":8},"end":{"line":143,"column":9}},"type":"if","locations":[{"start":{"line":141,"column":8},"end":{"line":143,"column":9}},{"start":{},"end":{}}],"line":141},"11":{"loc":{"start":{"line":153,"column":8},"end":{"line":155,"column":9}},"type":"if","locations":[{"start":{"line":153,"column":8},"end":{"line":155,"column":9}},{"start":{},"end":{}}],"line":153}},"s":{"0":0,"1":0,"2":0,"3":0,"4":0,"5":0,"6":0,"7":0,"8":0,"9":0,"10":0,"11":0,"12":0,"13":0,"14":0,"15":0,"16":0,"17":0,"18":0,"19":0,"20":0,"21":0,"22":0,"23":0,"24":0,"25":0,"26":0,"27":0,"28":0,"29":0,"30":0,"31":0,"32":0,"33":0,"34":0,"35":0,"36":0,"37":0,"38":0,"39":0,"40":0,"41":0,"42":0,"43":0,"44":0,"45":0,"46":0,"47":0,"48":0,"49":0,"50":0,"51":0,"52":0,"53":0,"54":0,"55":0,"56":0,"57":0,"58":0,"59":0,"60":0,"61":0,"62":0,"63":0,"64":0,"65":0,"66":0,"67":0,"68":0,"69":0,"70":0,"71":0,"72":0,"73":0,"74":0,"75":0,"76":0,"77":0,"78":0,"79":0,"80":0,"81":0,"82":0,"83":0,"84":0,"85":0,"86":0,"87":0,"88":0,"89":0},"f":{"0":0,"1":0,"2":0,"3":0,"4":0,"5":0,"6":0,"7":0,"8":0,"9":0},"b":{"0":[0,0],"1":[0,0],"2":[0,0],"3":[0,0],"4":[0,0],"5":[0,0],"6":[0,0],"7":[0,0],"8":[0,0],"9":[0,0],"10":[0,0],"11":[0,0]},"all":true}}